Frederich Stine - EN 605.617 - JHU EP
----------------------------------------------------------------
Example runner to show execution of Module 5 assignment
----------------------------------------------------------------
This is a provided example runner of how to properly use
my module 5 assignment.
This assignment runs through 4 different kernels:
    0: Arith with full copy to shared memory
    1: Arith with shared memory for local variables
    2: Arith with copy to constant memory
    3: Arith with constant memory only

These assignment runs with a fixed quantity of threads
at 1024. There are two varying block sizes in this runner.

Press enter to continue:Portion 1 - Copy to shared memory
Running with block size of 128 -
==9647== NVPROF is profiling process 9647, command: ./assignment 128 0
B0  B1  B2  B3  B4  B5  B6  B7  
-1  127 255 383 511 639 767 895 
0   128 256 384 512 640 768 896 
1   129 257 385 513 641 769 897 
2   130 258 386 514 642 770 898 
3   131 259 387 515 643 771 899 
4   132 260 388 516 644 772 900 
5   133 261 389 517 645 773 901 
6   134 262 390 518 646 774 902 
7   135 263 391 519 647 775 903 
8   136 264 392 520 648 776 904 
9   137 265 393 521 649 777 905 
10  138 266 394 522 650 778 906 
11  139 267 395 523 651 779 907 
12  140 268 396 524 652 780 908 
13  141 269 397 525 653 781 909 
14  142 270 398 526 654 782 910 
15  143 271 399 527 655 783 911 
16  144 272 400 528 656 784 912 
17  145 273 401 529 657 785 913 
18  146 274 402 530 658 786 914 
19  147 275 403 531 659 787 915 
20  148 276 404 532 660 788 916 
21  149 277 405 533 661 789 917 
22  150 278 406 534 662 790 918 
23  151 279 407 535 663 791 919 
24  152 280 408 536 664 792 920 
25  153 281 409 537 665 793 921 
26  154 282 410 538 666 794 922 
27  155 283 411 539 667 795 923 
28  156 284 412 540 668 796 924 
29  157 285 413 541 669 797 925 
30  158 286 414 542 670 798 926 
31  159 287 415 543 671 799 927 
32  160 288 416 544 672 800 928 
33  161 289 417 545 673 801 929 
34  162 290 418 546 674 802 930 
35  163 291 419 547 675 803 931 
36  164 292 420 548 676 804 932 
37  165 293 421 549 677 805 933 
38  166 294 422 550 678 806 934 
39  167 295 423 551 679 807 935 
40  168 296 424 552 680 808 936 
41  169 297 425 553 681 809 937 
42  170 298 426 554 682 810 938 
43  171 299 427 555 683 811 939 
44  172 300 428 556 684 812 940 
45  173 301 429 557 685 813 941 
46  174 302 430 558 686 814 942 
47  175 303 431 559 687 815 943 
48  176 304 432 560 688 816 944 
49  177 305 433 561 689 817 945 
50  178 306 434 562 690 818 946 
51  179 307 435 563 691 819 947 
52  180 308 436 564 692 820 948 
53  181 309 437 565 693 821 949 
54  182 310 438 566 694 822 950 
55  183 311 439 567 695 823 951 
56  184 312 440 568 696 824 952 
57  185 313 441 569 697 825 953 
58  186 314 442 570 698 826 954 
59  187 315 443 571 699 827 955 
60  188 316 444 572 700 828 956 
61  189 317 445 573 701 829 957 
62  190 318 446 574 702 830 958 
63  191 319 447 575 703 831 959 
64  192 320 448 576 704 832 960 
65  193 321 449 577 705 833 961 
66  194 322 450 578 706 834 962 
67  195 323 451 579 707 835 963 
68  196 324 452 580 708 836 964 
69  197 325 453 581 709 837 965 
70  198 326 454 582 710 838 966 
71  199 327 455 583 711 839 967 
72  200 328 456 584 712 840 968 
73  201 329 457 585 713 841 969 
74  202 330 458 586 714 842 970 
75  203 331 459 587 715 843 971 
76  204 332 460 588 716 844 972 
77  205 333 461 589 717 845 973 
78  206 334 462 590 718 846 974 
79  207 335 463 591 719 847 975 
80  208 336 464 592 720 848 976 
81  209 337 465 593 721 849 977 
82  210 338 466 594 722 850 978 
83  211 339 467 595 723 851 979 
84  212 340 468 596 724 852 980 
85  213 341 469 597 725 853 981 
86  214 342 470 598 726 854 982 
87  215 343 471 599 727 855 983 
88  216 344 472 600 728 856 984 
89  217 345 473 601 729 857 985 
90  218 346 474 602 730 858 986 
91  219 347 475 603 731 859 987 
92  220 348 476 604 732 860 988 
93  221 349 477 605 733 861 989 
94  222 350 478 606 734 862 990 
95  223 351 479 607 735 863 991 
96  224 352 480 608 736 864 992 
97  225 353 481 609 737 865 993 
98  226 354 482 610 738 866 994 
99  227 355 483 611 739 867 995 
100 228 356 484 612 740 868 996 
101 229 357 485 613 741 869 997 
102 230 358 486 614 742 870 998 
103 231 359 487 615 743 871 999 
104 232 360 488 616 744 872 1000 
105 233 361 489 617 745 873 1001 
106 234 362 490 618 746 874 1002 
107 235 363 491 619 747 875 1003 
108 236 364 492 620 748 876 1004 
109 237 365 493 621 749 877 1005 
110 238 366 494 622 750 878 1006 
111 239 367 495 623 751 879 1007 
112 240 368 496 624 752 880 1008 
113 241 369 497 625 753 881 1009 
114 242 370 498 626 754 882 1010 
115 243 371 499 627 755 883 1011 
116 244 372 500 628 756 884 1012 
117 245 373 501 629 757 885 1013 
118 246 374 502 630 758 886 1014 
119 247 375 503 631 759 887 1015 
120 248 376 504 632 760 888 1016 
121 249 377 505 633 761 889 1017 
122 250 378 506 634 762 890 1018 
123 251 379 507 635 763 891 1019 
124 252 380 508 636 764 892 1020 
125 253 381 509 637 765 893 1021 
126 254 382 510 638 766 894 1022 
==9647== Profiling application: ./assignment 128 0
==9647== Profiling result:
            Type  Time(%)      Time     Calls       Avg       Min       Max  Name
 GPU activities:   45.18%  2.4010us         1  2.4010us  2.4010us  2.4010us  gpu_all_arith_shared(int*, int*)
                   31.92%  1.6960us         1  1.6960us  1.6960us  1.6960us  [CUDA memcpy HtoD]
                   22.90%  1.2170us         1  1.2170us  1.2170us  1.2170us  [CUDA memcpy DtoH]
      API calls:   99.10%  91.007ms         2  45.503ms  3.0060us  91.004ms  cudaMallocHost
                    0.33%  306.27us         2  153.13us  3.3660us  302.90us  cudaFreeHost
                    0.18%  162.93us         1  162.93us  162.93us  162.93us  cuLibraryLoadData
                    0.16%  146.68us       114  1.2860us     180ns  60.905us  cuDeviceGetAttribute
                    0.08%  72.867us         2  36.433us  4.9090us  67.958us  cudaFree
                    0.06%  52.449us         2  26.224us  1.9440us  50.505us  cudaMalloc
                    0.04%  33.944us         2  16.972us  14.057us  19.887us  cudaMemcpy
                    0.03%  23.505us         1  23.505us  23.505us  23.505us  cuDeviceGetName
                    0.02%  20.589us         1  20.589us  20.589us  20.589us  cudaLaunchKernel
                    0.01%  7.4740us         1  7.4740us  7.4740us  7.4740us  cuDeviceGetPCIBusId
                    0.00%  1.6420us         3     547ns     260ns     902ns  cuDeviceGetCount
                    0.00%     631ns         2     315ns     190ns     441ns  cuDeviceGet
                    0.00%     420ns         1     420ns     420ns     420ns  cuDeviceTotalMem
                    0.00%     371ns         1     371ns     371ns     371ns  cuModuleGetLoadingMode
                    0.00%     281ns         1     281ns     281ns     281ns  cuDeviceGetUuid
Press enter to continue:Portion 2 - Shared memory for local
Running with block size of 128 -
==9661== NVPROF is profiling process 9661, command: ./assignment 128 1
B0  B1  B2  B3  B4  B5  B6  B7  
-1  127 255 383 511 639 767 895 
0   128 256 384 512 640 768 896 
1   129 257 385 513 641 769 897 
2   130 258 386 514 642 770 898 
3   131 259 387 515 643 771 899 
4   132 260 388 516 644 772 900 
5   133 261 389 517 645 773 901 
6   134 262 390 518 646 774 902 
7   135 263 391 519 647 775 903 
8   136 264 392 520 648 776 904 
9   137 265 393 521 649 777 905 
10  138 266 394 522 650 778 906 
11  139 267 395 523 651 779 907 
12  140 268 396 524 652 780 908 
13  141 269 397 525 653 781 909 
14  142 270 398 526 654 782 910 
15  143 271 399 527 655 783 911 
16  144 272 400 528 656 784 912 
17  145 273 401 529 657 785 913 
18  146 274 402 530 658 786 914 
19  147 275 403 531 659 787 915 
20  148 276 404 532 660 788 916 
21  149 277 405 533 661 789 917 
22  150 278 406 534 662 790 918 
23  151 279 407 535 663 791 919 
24  152 280 408 536 664 792 920 
25  153 281 409 537 665 793 921 
26  154 282 410 538 666 794 922 
27  155 283 411 539 667 795 923 
28  156 284 412 540 668 796 924 
29  157 285 413 541 669 797 925 
30  158 286 414 542 670 798 926 
31  159 287 415 543 671 799 927 
32  160 288 416 544 672 800 928 
33  161 289 417 545 673 801 929 
34  162 290 418 546 674 802 930 
35  163 291 419 547 675 803 931 
36  164 292 420 548 676 804 932 
37  165 293 421 549 677 805 933 
38  166 294 422 550 678 806 934 
39  167 295 423 551 679 807 935 
40  168 296 424 552 680 808 936 
41  169 297 425 553 681 809 937 
42  170 298 426 554 682 810 938 
43  171 299 427 555 683 811 939 
44  172 300 428 556 684 812 940 
45  173 301 429 557 685 813 941 
46  174 302 430 558 686 814 942 
47  175 303 431 559 687 815 943 
48  176 304 432 560 688 816 944 
49  177 305 433 561 689 817 945 
50  178 306 434 562 690 818 946 
51  179 307 435 563 691 819 947 
52  180 308 436 564 692 820 948 
53  181 309 437 565 693 821 949 
54  182 310 438 566 694 822 950 
55  183 311 439 567 695 823 951 
56  184 312 440 568 696 824 952 
57  185 313 441 569 697 825 953 
58  186 314 442 570 698 826 954 
59  187 315 443 571 699 827 955 
60  188 316 444 572 700 828 956 
61  189 317 445 573 701 829 957 
62  190 318 446 574 702 830 958 
63  191 319 447 575 703 831 959 
64  192 320 448 576 704 832 960 
65  193 321 449 577 705 833 961 
66  194 322 450 578 706 834 962 
67  195 323 451 579 707 835 963 
68  196 324 452 580 708 836 964 
69  197 325 453 581 709 837 965 
70  198 326 454 582 710 838 966 
71  199 327 455 583 711 839 967 
72  200 328 456 584 712 840 968 
73  201 329 457 585 713 841 969 
74  202 330 458 586 714 842 970 
75  203 331 459 587 715 843 971 
76  204 332 460 588 716 844 972 
77  205 333 461 589 717 845 973 
78  206 334 462 590 718 846 974 
79  207 335 463 591 719 847 975 
80  208 336 464 592 720 848 976 
81  209 337 465 593 721 849 977 
82  210 338 466 594 722 850 978 
83  211 339 467 595 723 851 979 
84  212 340 468 596 724 852 980 
85  213 341 469 597 725 853 981 
86  214 342 470 598 726 854 982 
87  215 343 471 599 727 855 983 
88  216 344 472 600 728 856 984 
89  217 345 473 601 729 857 985 
90  218 346 474 602 730 858 986 
91  219 347 475 603 731 859 987 
92  220 348 476 604 732 860 988 
93  221 349 477 605 733 861 989 
94  222 350 478 606 734 862 990 
95  223 351 479 607 735 863 991 
96  224 352 480 608 736 864 992 
97  225 353 481 609 737 865 993 
98  226 354 482 610 738 866 994 
99  227 355 483 611 739 867 995 
100 228 356 484 612 740 868 996 
101 229 357 485 613 741 869 997 
102 230 358 486 614 742 870 998 
103 231 359 487 615 743 871 999 
104 232 360 488 616 744 872 1000 
105 233 361 489 617 745 873 1001 
106 234 362 490 618 746 874 1002 
107 235 363 491 619 747 875 1003 
108 236 364 492 620 748 876 1004 
109 237 365 493 621 749 877 1005 
110 238 366 494 622 750 878 1006 
111 239 367 495 623 751 879 1007 
112 240 368 496 624 752 880 1008 
113 241 369 497 625 753 881 1009 
114 242 370 498 626 754 882 1010 
115 243 371 499 627 755 883 1011 
116 244 372 500 628 756 884 1012 
117 245 373 501 629 757 885 1013 
118 246 374 502 630 758 886 1014 
119 247 375 503 631 759 887 1015 
120 248 376 504 632 760 888 1016 
121 249 377 505 633 761 889 1017 
122 250 378 506 634 762 890 1018 
123 251 379 507 635 763 891 1019 
124 252 380 508 636 764 892 1020 
125 253 381 509 637 765 893 1021 
126 254 382 510 638 766 894 1022 
==9661== Profiling application: ./assignment 128 1
==9661== Profiling result:
            Type  Time(%)      Time     Calls       Avg       Min       Max  Name
 GPU activities:   47.98%  2.6870us         1  2.6870us  2.6870us  2.6870us  gpu_all_arith_shared_copy(int*, int*)
                   29.71%  1.6640us         1  1.6640us  1.6640us  1.6640us  [CUDA memcpy HtoD]
                   22.30%  1.2490us         1  1.2490us  1.2490us  1.2490us  [CUDA memcpy DtoH]
      API calls:   99.06%  97.983ms         2  48.992ms  2.7560us  97.980ms  cudaMallocHost
                    0.30%  300.33us         2  150.16us  3.4370us  296.89us  cudaFreeHost
                    0.23%  224.66us         1  224.66us  224.66us  224.66us  cuLibraryLoadData
                    0.18%  180.22us       114  1.5800us     270ns  71.244us  cuDeviceGetAttribute
                    0.07%  72.176us         2  36.088us  4.9790us  67.197us  cudaFree
                    0.06%  55.765us         2  27.882us  2.0440us  53.721us  cudaMalloc
                    0.03%  33.973us         2  16.986us  13.916us  20.057us  cudaMemcpy
                    0.03%  28.824us         1  28.824us  28.824us  28.824us  cuDeviceGetName
                    0.02%  21.341us         1  21.341us  21.341us  21.341us  cudaLaunchKernel
                    0.01%  7.2840us         1  7.2840us  7.2840us  7.2840us  cuDeviceGetPCIBusId
                    0.00%  2.2540us         3     751ns     381ns  1.1420us  cuDeviceGetCount
                    0.00%     931ns         2     465ns     290ns     641ns  cuDeviceGet
                    0.00%     511ns         1     511ns     511ns     511ns  cuModuleGetLoadingMode
                    0.00%     481ns         1     481ns     481ns     481ns  cuDeviceTotalMem
                    0.00%     431ns         1     431ns     431ns     431ns  cuDeviceGetUuid
Press enter to continue:Portion 3 - Copy to constant memory
Running with block size of 128 -
==9675== NVPROF is profiling process 9675, command: ./assignment 128 2
B0  B1  B2  B3  B4  B5  B6  B7  
-1  127 255 383 511 639 767 895 
0   128 256 384 512 640 768 896 
1   129 257 385 513 641 769 897 
2   130 258 386 514 642 770 898 
3   131 259 387 515 643 771 899 
4   132 260 388 516 644 772 900 
5   133 261 389 517 645 773 901 
6   134 262 390 518 646 774 902 
7   135 263 391 519 647 775 903 
8   136 264 392 520 648 776 904 
9   137 265 393 521 649 777 905 
10  138 266 394 522 650 778 906 
11  139 267 395 523 651 779 907 
12  140 268 396 524 652 780 908 
13  141 269 397 525 653 781 909 
14  142 270 398 526 654 782 910 
15  143 271 399 527 655 783 911 
16  144 272 400 528 656 784 912 
17  145 273 401 529 657 785 913 
18  146 274 402 530 658 786 914 
19  147 275 403 531 659 787 915 
20  148 276 404 532 660 788 916 
21  149 277 405 533 661 789 917 
22  150 278 406 534 662 790 918 
23  151 279 407 535 663 791 919 
24  152 280 408 536 664 792 920 
25  153 281 409 537 665 793 921 
26  154 282 410 538 666 794 922 
27  155 283 411 539 667 795 923 
28  156 284 412 540 668 796 924 
29  157 285 413 541 669 797 925 
30  158 286 414 542 670 798 926 
31  159 287 415 543 671 799 927 
32  160 288 416 544 672 800 928 
33  161 289 417 545 673 801 929 
34  162 290 418 546 674 802 930 
35  163 291 419 547 675 803 931 
36  164 292 420 548 676 804 932 
37  165 293 421 549 677 805 933 
38  166 294 422 550 678 806 934 
39  167 295 423 551 679 807 935 
40  168 296 424 552 680 808 936 
41  169 297 425 553 681 809 937 
42  170 298 426 554 682 810 938 
43  171 299 427 555 683 811 939 
44  172 300 428 556 684 812 940 
45  173 301 429 557 685 813 941 
46  174 302 430 558 686 814 942 
47  175 303 431 559 687 815 943 
48  176 304 432 560 688 816 944 
49  177 305 433 561 689 817 945 
50  178 306 434 562 690 818 946 
51  179 307 435 563 691 819 947 
52  180 308 436 564 692 820 948 
53  181 309 437 565 693 821 949 
54  182 310 438 566 694 822 950 
55  183 311 439 567 695 823 951 
56  184 312 440 568 696 824 952 
57  185 313 441 569 697 825 953 
58  186 314 442 570 698 826 954 
59  187 315 443 571 699 827 955 
60  188 316 444 572 700 828 956 
61  189 317 445 573 701 829 957 
62  190 318 446 574 702 830 958 
63  191 319 447 575 703 831 959 
64  192 320 448 576 704 832 960 
65  193 321 449 577 705 833 961 
66  194 322 450 578 706 834 962 
67  195 323 451 579 707 835 963 
68  196 324 452 580 708 836 964 
69  197 325 453 581 709 837 965 
70  198 326 454 582 710 838 966 
71  199 327 455 583 711 839 967 
72  200 328 456 584 712 840 968 
73  201 329 457 585 713 841 969 
74  202 330 458 586 714 842 970 
75  203 331 459 587 715 843 971 
76  204 332 460 588 716 844 972 
77  205 333 461 589 717 845 973 
78  206 334 462 590 718 846 974 
79  207 335 463 591 719 847 975 
80  208 336 464 592 720 848 976 
81  209 337 465 593 721 849 977 
82  210 338 466 594 722 850 978 
83  211 339 467 595 723 851 979 
84  212 340 468 596 724 852 980 
85  213 341 469 597 725 853 981 
86  214 342 470 598 726 854 982 
87  215 343 471 599 727 855 983 
88  216 344 472 600 728 856 984 
89  217 345 473 601 729 857 985 
90  218 346 474 602 730 858 986 
91  219 347 475 603 731 859 987 
92  220 348 476 604 732 860 988 
93  221 349 477 605 733 861 989 
94  222 350 478 606 734 862 990 
95  223 351 479 607 735 863 991 
96  224 352 480 608 736 864 992 
97  225 353 481 609 737 865 993 
98  226 354 482 610 738 866 994 
99  227 355 483 611 739 867 995 
100 228 356 484 612 740 868 996 
101 229 357 485 613 741 869 997 
102 230 358 486 614 742 870 998 
103 231 359 487 615 743 871 999 
104 232 360 488 616 744 872 1000 
105 233 361 489 617 745 873 1001 
106 234 362 490 618 746 874 1002 
107 235 363 491 619 747 875 1003 
108 236 364 492 620 748 876 1004 
109 237 365 493 621 749 877 1005 
110 238 366 494 622 750 878 1006 
111 239 367 495 623 751 879 1007 
112 240 368 496 624 752 880 1008 
113 241 369 497 625 753 881 1009 
114 242 370 498 626 754 882 1010 
115 243 371 499 627 755 883 1011 
116 244 372 500 628 756 884 1012 
117 245 373 501 629 757 885 1013 
118 246 374 502 630 758 886 1014 
119 247 375 503 631 759 887 1015 
120 248 376 504 632 760 888 1016 
121 249 377 505 633 761 889 1017 
122 250 378 506 634 762 890 1018 
123 251 379 507 635 763 891 1019 
124 252 380 508 636 764 892 1020 
125 253 381 509 637 765 893 1021 
126 254 382 510 638 766 894 1022 
==9675== Profiling application: ./assignment 128 2
==9675== Profiling result:
            Type  Time(%)      Time     Calls       Avg       Min       Max  Name
 GPU activities:   47.46%  2.6880us         1  2.6880us  2.6880us  2.6880us  gpu_all_arith_const(int*)
                   30.51%  1.7280us         1  1.7280us  1.7280us  1.7280us  [CUDA memcpy HtoD]
                   22.03%  1.2480us         1  1.2480us  1.2480us  1.2480us  [CUDA memcpy DtoH]
      API calls:   99.06%  90.285ms         1  90.285ms  90.285ms  90.285ms  cudaMallocHost
                    0.33%  300.42us         1  300.42us  300.42us  300.42us  cudaFreeHost
                    0.21%  193.72us         1  193.72us  193.72us  193.72us  cuLibraryLoadData
                    0.18%  161.00us       114  1.4120us     230ns  65.203us  cuDeviceGetAttribute
                    0.08%  68.499us         1  68.499us  68.499us  68.499us  cudaFree
                    0.06%  50.836us         1  50.836us  50.836us  50.836us  cudaMalloc
                    0.03%  25.368us         1  25.368us  25.368us  25.368us  cuDeviceGetName
                    0.02%  21.159us         1  21.159us  21.159us  21.159us  cudaLaunchKernel
                    0.02%  14.267us         1  14.267us  14.267us  14.267us  cudaMemcpy
                    0.01%  12.934us         1  12.934us  12.934us  12.934us  cudaMemcpyToSymbol
                    0.01%  7.5940us         1  7.5940us  7.5940us  7.5940us  cuDeviceGetPCIBusId
                    0.00%  2.0930us         3     697ns     300ns  1.1620us  cuDeviceGetCount
                    0.00%     881ns         2     440ns     250ns     631ns  cuDeviceGet
                    0.00%     411ns         1     411ns     411ns     411ns  cuDeviceTotalMem
                    0.00%     391ns         1     391ns     391ns     391ns  cuModuleGetLoadingMode
                    0.00%     330ns         1     330ns     330ns     330ns  cuDeviceGetUuid
Press enter to continue:Portion 4 - Constant memory only
Running with block size of 128 -
==9689== NVPROF is profiling process 9689, command: ./assignment 128 3
B0  B1  B2  B3  B4  B5  B6  B7  
-2  -2  -2  -2  -2  -2  -2  -2  
-2  -2  -2  -2  -2  -2  -2  -2  
-2  -2  -2  -2  -2  -2  -2  -2  
-2  -2  -2  -2  -2  -2  -2  -2  
-2  -2  -2  -2  -2  -2  -2  -2  
-2  -2  -2  -2  -2  -2  -2  -2  
-2  -2  -2  -2  -2  -2  -2  -2  
-2  -2  -2  -2  -2  -2  -2  -2  
-2  -2  -2  -2  -2  -2  -2  -2  
-2  -2  -2  -2  -2  -2  -2  -2  
-2  -2  -2  -2  -2  -2  -2  -2  
-2  -2  -2  -2  -2  -2  -2  -2  
-2  -2  -2  -2  -2  -2  -2  -2  
-2  -2  -2  -2  -2  -2  -2  -2  
-2  -2  -2  -2  -2  -2  -2  -2  
-2  -2  -2  -2  -2  -2  -2  -2  
-2  -2  -2  -2  -2  -2  -2  -2  
-2  -2  -2  -2  -2  -2  -2  -2  
-2  -2  -2  -2  -2  -2  -2  -2  
-2  -2  -2  -2  -2  -2  -2  -2  
-2  -2  -2  -2  -2  -2  -2  -2  
-2  -2  -2  -2  -2  -2  -2  -2  
-2  -2  -2  -2  -2  -2  -2  -2  
-2  -2  -2  -2  -2  -2  -2  -2  
-2  -2  -2  -2  -2  -2  -2  -2  
-2  -2  -2  -2  -2  -2  -2  -2  
-2  -2  -2  -2  -2  -2  -2  -2  
-2  -2  -2  -2  -2  -2  -2  -2  
-2  -2  -2  -2  -2  -2  -2  -2  
-2  -2  -2  -2  -2  -2  -2  -2  
-2  -2  -2  -2  -2  -2  -2  -2  
-2  -2  -2  -2  -2  -2  -2  -2  
-2  -2  -2  -2  -2  -2  -2  -2  
-2  -2  -2  -2  -2  -2  -2  -2  
-2  -2  -2  -2  -2  -2  -2  -2  
-2  -2  -2  -2  -2  -2  -2  -2  
-2  -2  -2  -2  -2  -2  -2  -2  
-2  -2  -2  -2  -2  -2  -2  -2  
-2  -2  -2  -2  -2  -2  -2  -2  
-2  -2  -2  -2  -2  -2  -2  -2  
-2  -2  -2  -2  -2  -2  -2  -2  
-2  -2  -2  -2  -2  -2  -2  -2  
-2  -2  -2  -2  -2  -2  -2  -2  
-2  -2  -2  -2  -2  -2  -2  -2  
-2  -2  -2  -2  -2  -2  -2  -2  
-2  -2  -2  -2  -2  -2  -2  -2  
-2  -2  -2  -2  -2  -2  -2  -2  
-2  -2  -2  -2  -2  -2  -2  -2  
-2  -2  -2  -2  -2  -2  -2  -2  
-2  -2  -2  -2  -2  -2  -2  -2  
-2  -2  -2  -2  -2  -2  -2  -2  
-2  -2  -2  -2  -2  -2  -2  -2  
-2  -2  -2  -2  -2  -2  -2  -2  
-2  -2  -2  -2  -2  -2  -2  -2  
-2  -2  -2  -2  -2  -2  -2  -2  
-2  -2  -2  -2  -2  -2  -2  -2  
-2  -2  -2  -2  -2  -2  -2  -2  
-2  -2  -2  -2  -2  -2  -2  -2  
-2  -2  -2  -2  -2  -2  -2  -2  
-2  -2  -2  -2  -2  -2  -2  -2  
-2  -2  -2  -2  -2  -2  -2  -2  
-2  -2  -2  -2  -2  -2  -2  -2  
-2  -2  -2  -2  -2  -2  -2  -2  
-2  -2  -2  -2  -2  -2  -2  -2  
-2  -2  -2  -2  -2  -2  -2  -2  
-2  -2  -2  -2  -2  -2  -2  -2  
-2  -2  -2  -2  -2  -2  -2  -2  
-2  -2  -2  -2  -2  -2  -2  -2  
-2  -2  -2  -2  -2  -2  -2  -2  
-2  -2  -2  -2  -2  -2  -2  -2  
-2  -2  -2  -2  -2  -2  -2  -2  
-2  -2  -2  -2  -2  -2  -2  -2  
-2  -2  -2  -2  -2  -2  -2  -2  
-2  -2  -2  -2  -2  -2  -2  -2  
-2  -2  -2  -2  -2  -2  -2  -2  
-2  -2  -2  -2  -2  -2  -2  -2  
-2  -2  -2  -2  -2  -2  -2  -2  
-2  -2  -2  -2  -2  -2  -2  -2  
-2  -2  -2  -2  -2  -2  -2  -2  
-2  -2  -2  -2  -2  -2  -2  -2  
-2  -2  -2  -2  -2  -2  -2  -2  
-2  -2  -2  -2  -2  -2  -2  -2  
-2  -2  -2  -2  -2  -2  -2  -2  
-2  -2  -2  -2  -2  -2  -2  -2  
-2  -2  -2  -2  -2  -2  -2  -2  
-2  -2  -2  -2  -2  -2  -2  -2  
-2  -2  -2  -2  -2  -2  -2  -2  
-2  -2  -2  -2  -2  -2  -2  -2  
-2  -2  -2  -2  -2  -2  -2  -2  
-2  -2  -2  -2  -2  -2  -2  -2  
-2  -2  -2  -2  -2  -2  -2  -2  
-2  -2  -2  -2  -2  -2  -2  -2  
-2  -2  -2  -2  -2  -2  -2  -2  
-2  -2  -2  -2  -2  -2  -2  -2  
-2  -2  -2  -2  -2  -2  -2  -2  
-2  -2  -2  -2  -2  -2  -2  -2  
-2  -2  -2  -2  -2  -2  -2  -2  
-2  -2  -2  -2  -2  -2  -2  -2  
-2  -2  -2  -2  -2  -2  -2  -2  
-2  -2  -2  -2  -2  -2  -2  -2  
-2  -2  -2  -2  -2  -2  -2  -2  
-2  -2  -2  -2  -2  -2  -2  -2  
-2  -2  -2  -2  -2  -2  -2  -2  
-2  -2  -2  -2  -2  -2  -2  -2  
-2  -2  -2  -2  -2  -2  -2  -2  
-2  -2  -2  -2  -2  -2  -2  -2  
-2  -2  -2  -2  -2  -2  -2  -2  
-2  -2  -2  -2  -2  -2  -2  -2  
-2  -2  -2  -2  -2  -2  -2  -2  
-2  -2  -2  -2  -2  -2  -2  -2  
-2  -2  -2  -2  -2  -2  -2  -2  
-2  -2  -2  -2  -2  -2  -2  -2  
-2  -2  -2  -2  -2  -2  -2  -2  
-2  -2  -2  -2  -2  -2  -2  -2  
-2  -2  -2  -2  -2  -2  -2  -2  
-2  -2  -2  -2  -2  -2  -2  -2  
-2  -2  -2  -2  -2  -2  -2  -2  
-2  -2  -2  -2  -2  -2  -2  -2  
-2  -2  -2  -2  -2  -2  -2  -2  
-2  -2  -2  -2  -2  -2  -2  -2  
-2  -2  -2  -2  -2  -2  -2  -2  
-2  -2  -2  -2  -2  -2  -2  -2  
-2  -2  -2  -2  -2  -2  -2  -2  
-2  -2  -2  -2  -2  -2  -2  -2  
-2  -2  -2  -2  -2  -2  -2  -2  
-2  -2  -2  -2  -2  -2  -2  -2  
-2  -2  -2  -2  -2  -2  -2  -2  
-2  -2  -2  -2  -2  -2  -2  -2  
==9689== Profiling application: ./assignment 128 3
==9689== Profiling result:
            Type  Time(%)      Time     Calls       Avg       Min       Max  Name
 GPU activities:   67.21%  2.6240us         1  2.6240us  2.6240us  2.6240us  gpu_all_arith_only_const(int*)
                   32.79%  1.2800us         1  1.2800us  1.2800us  1.2800us  [CUDA memcpy DtoH]
      API calls:   99.04%  89.512ms         1  89.512ms  89.512ms  89.512ms  cudaMallocHost
                    0.34%  311.38us         1  311.38us  311.38us  311.38us  cudaFreeHost
                    0.21%  193.61us         1  193.61us  193.61us  193.61us  cuLibraryLoadData
                    0.18%  161.20us       114  1.4140us     230ns  65.002us  cuDeviceGetAttribute
                    0.08%  71.114us         1  71.114us  71.114us  71.114us  cudaFree
                    0.06%  50.836us         1  50.836us  50.836us  50.836us  cudaMalloc
                    0.03%  25.498us         1  25.498us  25.498us  25.498us  cuDeviceGetName
                    0.03%  23.063us         1  23.063us  23.063us  23.063us  cudaLaunchKernel
                    0.02%  18.144us         1  18.144us  18.144us  18.144us  cudaMemcpy
                    0.01%  7.3740us         1  7.3740us  7.3740us  7.3740us  cuDeviceGetPCIBusId
                    0.00%  2.1930us         3     731ns     320ns  1.2320us  cuDeviceGetCount
                    0.00%     792ns         2     396ns     231ns     561ns  cuDeviceGet
                    0.00%     451ns         1     451ns     451ns     451ns  cuDeviceTotalMem
                    0.00%     381ns         1     381ns     381ns     381ns  cuModuleGetLoadingMode
                    0.00%     340ns         1     340ns     340ns     340ns  cuDeviceGetUuid
Press enter to continue:Portion 5 - Copy to shared memory
Running with block size of 256 -
==9703== NVPROF is profiling process 9703, command: ./assignment 256 0
B0  B1  B2  B3  
-1  255 511 767 
0   256 512 768 
1   257 513 769 
2   258 514 770 
3   259 515 771 
4   260 516 772 
5   261 517 773 
6   262 518 774 
7   263 519 775 
8   264 520 776 
9   265 521 777 
10  266 522 778 
11  267 523 779 
12  268 524 780 
13  269 525 781 
14  270 526 782 
15  271 527 783 
16  272 528 784 
17  273 529 785 
18  274 530 786 
19  275 531 787 
20  276 532 788 
21  277 533 789 
22  278 534 790 
23  279 535 791 
24  280 536 792 
25  281 537 793 
26  282 538 794 
27  283 539 795 
28  284 540 796 
29  285 541 797 
30  286 542 798 
31  287 543 799 
32  288 544 800 
33  289 545 801 
34  290 546 802 
35  291 547 803 
36  292 548 804 
37  293 549 805 
38  294 550 806 
39  295 551 807 
40  296 552 808 
41  297 553 809 
42  298 554 810 
43  299 555 811 
44  300 556 812 
45  301 557 813 
46  302 558 814 
47  303 559 815 
48  304 560 816 
49  305 561 817 
50  306 562 818 
51  307 563 819 
52  308 564 820 
53  309 565 821 
54  310 566 822 
55  311 567 823 
56  312 568 824 
57  313 569 825 
58  314 570 826 
59  315 571 827 
60  316 572 828 
61  317 573 829 
62  318 574 830 
63  319 575 831 
64  320 576 832 
65  321 577 833 
66  322 578 834 
67  323 579 835 
68  324 580 836 
69  325 581 837 
70  326 582 838 
71  327 583 839 
72  328 584 840 
73  329 585 841 
74  330 586 842 
75  331 587 843 
76  332 588 844 
77  333 589 845 
78  334 590 846 
79  335 591 847 
80  336 592 848 
81  337 593 849 
82  338 594 850 
83  339 595 851 
84  340 596 852 
85  341 597 853 
86  342 598 854 
87  343 599 855 
88  344 600 856 
89  345 601 857 
90  346 602 858 
91  347 603 859 
92  348 604 860 
93  349 605 861 
94  350 606 862 
95  351 607 863 
96  352 608 864 
97  353 609 865 
98  354 610 866 
99  355 611 867 
100 356 612 868 
101 357 613 869 
102 358 614 870 
103 359 615 871 
104 360 616 872 
105 361 617 873 
106 362 618 874 
107 363 619 875 
108 364 620 876 
109 365 621 877 
110 366 622 878 
111 367 623 879 
112 368 624 880 
113 369 625 881 
114 370 626 882 
115 371 627 883 
116 372 628 884 
117 373 629 885 
118 374 630 886 
119 375 631 887 
120 376 632 888 
121 377 633 889 
122 378 634 890 
123 379 635 891 
124 380 636 892 
125 381 637 893 
126 382 638 894 
127 383 639 895 
128 384 640 896 
129 385 641 897 
130 386 642 898 
131 387 643 899 
132 388 644 900 
133 389 645 901 
134 390 646 902 
135 391 647 903 
136 392 648 904 
137 393 649 905 
138 394 650 906 
139 395 651 907 
140 396 652 908 
141 397 653 909 
142 398 654 910 
143 399 655 911 
144 400 656 912 
145 401 657 913 
146 402 658 914 
147 403 659 915 
148 404 660 916 
149 405 661 917 
150 406 662 918 
151 407 663 919 
152 408 664 920 
153 409 665 921 
154 410 666 922 
155 411 667 923 
156 412 668 924 
157 413 669 925 
158 414 670 926 
159 415 671 927 
160 416 672 928 
161 417 673 929 
162 418 674 930 
163 419 675 931 
164 420 676 932 
165 421 677 933 
166 422 678 934 
167 423 679 935 
168 424 680 936 
169 425 681 937 
170 426 682 938 
171 427 683 939 
172 428 684 940 
173 429 685 941 
174 430 686 942 
175 431 687 943 
176 432 688 944 
177 433 689 945 
178 434 690 946 
179 435 691 947 
180 436 692 948 
181 437 693 949 
182 438 694 950 
183 439 695 951 
184 440 696 952 
185 441 697 953 
186 442 698 954 
187 443 699 955 
188 444 700 956 
189 445 701 957 
190 446 702 958 
191 447 703 959 
192 448 704 960 
193 449 705 961 
194 450 706 962 
195 451 707 963 
196 452 708 964 
197 453 709 965 
198 454 710 966 
199 455 711 967 
200 456 712 968 
201 457 713 969 
202 458 714 970 
203 459 715 971 
204 460 716 972 
205 461 717 973 
206 462 718 974 
207 463 719 975 
208 464 720 976 
209 465 721 977 
210 466 722 978 
211 467 723 979 
212 468 724 980 
213 469 725 981 
214 470 726 982 
215 471 727 983 
216 472 728 984 
217 473 729 985 
218 474 730 986 
219 475 731 987 
220 476 732 988 
221 477 733 989 
222 478 734 990 
223 479 735 991 
224 480 736 992 
225 481 737 993 
226 482 738 994 
227 483 739 995 
228 484 740 996 
229 485 741 997 
230 486 742 998 
231 487 743 999 
232 488 744 1000 
233 489 745 1001 
234 490 746 1002 
235 491 747 1003 
236 492 748 1004 
237 493 749 1005 
238 494 750 1006 
239 495 751 1007 
240 496 752 1008 
241 497 753 1009 
242 498 754 1010 
243 499 755 1011 
244 500 756 1012 
245 501 757 1013 
246 502 758 1014 
247 503 759 1015 
248 504 760 1016 
249 505 761 1017 
250 506 762 1018 
251 507 763 1019 
252 508 764 1020 
253 509 765 1021 
254 510 766 1022 
==9703== Profiling application: ./assignment 256 0
==9703== Profiling result:
            Type  Time(%)      Time     Calls       Avg       Min       Max  Name
 GPU activities:   45.23%  2.4320us         1  2.4320us  2.4320us  2.4320us  gpu_all_arith_shared(int*, int*)
                   31.56%  1.6970us         1  1.6970us  1.6970us  1.6970us  [CUDA memcpy HtoD]
                   23.21%  1.2480us         1  1.2480us  1.2480us  1.2480us  [CUDA memcpy DtoH]
      API calls:   98.96%  89.168ms         2  44.584ms  2.7950us  89.166ms  cudaMallocHost
                    0.38%  340.52us         2  170.26us  3.6160us  336.90us  cudaFreeHost
                    0.24%  216.80us         1  216.80us  216.80us  216.80us  cuLibraryLoadData
                    0.18%  160.61us       114  1.4080us     230ns  64.812us  cuDeviceGetAttribute
                    0.08%  72.405us         2  36.202us  4.6180us  67.787us  cudaFree
                    0.06%  51.127us         2  25.563us  1.7940us  49.333us  cudaMalloc
                    0.04%  32.782us         2  16.391us  13.716us  19.066us  cudaMemcpy
                    0.03%  26.099us         1  26.099us  26.099us  26.099us  cuDeviceGetName
                    0.02%  21.320us         1  21.320us  21.320us  21.320us  cudaLaunchKernel
                    0.01%  7.4040us         1  7.4040us  7.4040us  7.4040us  cuDeviceGetPCIBusId
                    0.00%  2.1430us         3     714ns     340ns  1.1220us  cuDeviceGetCount
                    0.00%     792ns         2     396ns     231ns     561ns  cuDeviceGet
                    0.00%     441ns         1     441ns     441ns     441ns  cuModuleGetLoadingMode
                    0.00%     431ns         1     431ns     431ns     431ns  cuDeviceTotalMem
                    0.00%     320ns         1     320ns     320ns     320ns  cuDeviceGetUuid
Press enter to continue:Portion 6 - Shared memory for local
Running with block size of 256 -
==9717== NVPROF is profiling process 9717, command: ./assignment 256 1
B0  B1  B2  B3  
-1  255 511 767 
0   256 512 768 
1   257 513 769 
2   258 514 770 
3   259 515 771 
4   260 516 772 
5   261 517 773 
6   262 518 774 
7   263 519 775 
8   264 520 776 
9   265 521 777 
10  266 522 778 
11  267 523 779 
12  268 524 780 
13  269 525 781 
14  270 526 782 
15  271 527 783 
16  272 528 784 
17  273 529 785 
18  274 530 786 
19  275 531 787 
20  276 532 788 
21  277 533 789 
22  278 534 790 
23  279 535 791 
24  280 536 792 
25  281 537 793 
26  282 538 794 
27  283 539 795 
28  284 540 796 
29  285 541 797 
30  286 542 798 
31  287 543 799 
32  288 544 800 
33  289 545 801 
34  290 546 802 
35  291 547 803 
36  292 548 804 
37  293 549 805 
38  294 550 806 
39  295 551 807 
40  296 552 808 
41  297 553 809 
42  298 554 810 
43  299 555 811 
44  300 556 812 
45  301 557 813 
46  302 558 814 
47  303 559 815 
48  304 560 816 
49  305 561 817 
50  306 562 818 
51  307 563 819 
52  308 564 820 
53  309 565 821 
54  310 566 822 
55  311 567 823 
56  312 568 824 
57  313 569 825 
58  314 570 826 
59  315 571 827 
60  316 572 828 
61  317 573 829 
62  318 574 830 
63  319 575 831 
64  320 576 832 
65  321 577 833 
66  322 578 834 
67  323 579 835 
68  324 580 836 
69  325 581 837 
70  326 582 838 
71  327 583 839 
72  328 584 840 
73  329 585 841 
74  330 586 842 
75  331 587 843 
76  332 588 844 
77  333 589 845 
78  334 590 846 
79  335 591 847 
80  336 592 848 
81  337 593 849 
82  338 594 850 
83  339 595 851 
84  340 596 852 
85  341 597 853 
86  342 598 854 
87  343 599 855 
88  344 600 856 
89  345 601 857 
90  346 602 858 
91  347 603 859 
92  348 604 860 
93  349 605 861 
94  350 606 862 
95  351 607 863 
96  352 608 864 
97  353 609 865 
98  354 610 866 
99  355 611 867 
100 356 612 868 
101 357 613 869 
102 358 614 870 
103 359 615 871 
104 360 616 872 
105 361 617 873 
106 362 618 874 
107 363 619 875 
108 364 620 876 
109 365 621 877 
110 366 622 878 
111 367 623 879 
112 368 624 880 
113 369 625 881 
114 370 626 882 
115 371 627 883 
116 372 628 884 
117 373 629 885 
118 374 630 886 
119 375 631 887 
120 376 632 888 
121 377 633 889 
122 378 634 890 
123 379 635 891 
124 380 636 892 
125 381 637 893 
126 382 638 894 
127 383 639 895 
128 384 640 896 
129 385 641 897 
130 386 642 898 
131 387 643 899 
132 388 644 900 
133 389 645 901 
134 390 646 902 
135 391 647 903 
136 392 648 904 
137 393 649 905 
138 394 650 906 
139 395 651 907 
140 396 652 908 
141 397 653 909 
142 398 654 910 
143 399 655 911 
144 400 656 912 
145 401 657 913 
146 402 658 914 
147 403 659 915 
148 404 660 916 
149 405 661 917 
150 406 662 918 
151 407 663 919 
152 408 664 920 
153 409 665 921 
154 410 666 922 
155 411 667 923 
156 412 668 924 
157 413 669 925 
158 414 670 926 
159 415 671 927 
160 416 672 928 
161 417 673 929 
162 418 674 930 
163 419 675 931 
164 420 676 932 
165 421 677 933 
166 422 678 934 
167 423 679 935 
168 424 680 936 
169 425 681 937 
170 426 682 938 
171 427 683 939 
172 428 684 940 
173 429 685 941 
174 430 686 942 
175 431 687 943 
176 432 688 944 
177 433 689 945 
178 434 690 946 
179 435 691 947 
180 436 692 948 
181 437 693 949 
182 438 694 950 
183 439 695 951 
184 440 696 952 
185 441 697 953 
186 442 698 954 
187 443 699 955 
188 444 700 956 
189 445 701 957 
190 446 702 958 
191 447 703 959 
192 448 704 960 
193 449 705 961 
194 450 706 962 
195 451 707 963 
196 452 708 964 
197 453 709 965 
198 454 710 966 
199 455 711 967 
200 456 712 968 
201 457 713 969 
202 458 714 970 
203 459 715 971 
204 460 716 972 
205 461 717 973 
206 462 718 974 
207 463 719 975 
208 464 720 976 
209 465 721 977 
210 466 722 978 
211 467 723 979 
212 468 724 980 
213 469 725 981 
214 470 726 982 
215 471 727 983 
216 472 728 984 
217 473 729 985 
218 474 730 986 
219 475 731 987 
220 476 732 988 
221 477 733 989 
222 478 734 990 
223 479 735 991 
224 480 736 992 
225 481 737 993 
226 482 738 994 
227 483 739 995 
228 484 740 996 
229 485 741 997 
230 486 742 998 
231 487 743 999 
232 488 744 1000 
233 489 745 1001 
234 490 746 1002 
235 491 747 1003 
236 492 748 1004 
237 493 749 1005 
238 494 750 1006 
239 495 751 1007 
240 496 752 1008 
241 497 753 1009 
242 498 754 1010 
243 499 755 1011 
244 500 756 1012 
245 501 757 1013 
246 502 758 1014 
247 503 759 1015 
248 504 760 1016 
249 505 761 1017 
250 506 762 1018 
251 507 763 1019 
252 508 764 1020 
253 509 765 1021 
254 510 766 1022 
==9717== Profiling application: ./assignment 256 1
==9717== Profiling result:
            Type  Time(%)      Time     Calls       Avg       Min       Max  Name
 GPU activities:   47.73%  2.6880us         1  2.6880us  2.6880us  2.6880us  gpu_all_arith_shared_copy(int*, int*)
                   30.11%  1.6960us         1  1.6960us  1.6960us  1.6960us  [CUDA memcpy HtoD]
                   22.16%  1.2480us         1  1.2480us  1.2480us  1.2480us  [CUDA memcpy DtoH]
      API calls:   98.92%  93.830ms         2  46.915ms  3.0260us  93.827ms  cudaMallocHost
                    0.33%  313.76us         2  156.88us  3.5270us  310.23us  cudaFreeHost
                    0.28%  263.15us       114  2.3080us     270ns  153.33us  cuDeviceGetAttribute
                    0.24%  225.32us         1  225.32us  225.32us  225.32us  cuLibraryLoadData
                    0.08%  71.906us         2  35.953us  4.6490us  67.257us  cudaFree
                    0.05%  51.307us         2  25.653us  1.8640us  49.443us  cudaMalloc
                    0.04%  33.624us         2  16.812us  13.966us  19.658us  cudaMemcpy
                    0.03%  28.283us         1  28.283us  28.283us  28.283us  cuDeviceGetName
                    0.02%  20.528us         1  20.528us  20.528us  20.528us  cudaLaunchKernel
                    0.01%  7.4640us         1  7.4640us  7.4640us  7.4640us  cuDeviceGetPCIBusId
                    0.00%  2.2740us         3     758ns     370ns  1.1530us  cuDeviceGetCount
                    0.00%     962ns         2     481ns     261ns     701ns  cuDeviceGet
                    0.00%     511ns         1     511ns     511ns     511ns  cuModuleGetLoadingMode
                    0.00%     461ns         1     461ns     461ns     461ns  cuDeviceTotalMem
                    0.00%     421ns         1     421ns     421ns     421ns  cuDeviceGetUuid
Press enter to continue:Portion 7 - Copy to constant memory
Running with block size of 256 -
==9731== NVPROF is profiling process 9731, command: ./assignment 256 2
B0  B1  B2  B3  
-1  255 511 767 
0   256 512 768 
1   257 513 769 
2   258 514 770 
3   259 515 771 
4   260 516 772 
5   261 517 773 
6   262 518 774 
7   263 519 775 
8   264 520 776 
9   265 521 777 
10  266 522 778 
11  267 523 779 
12  268 524 780 
13  269 525 781 
14  270 526 782 
15  271 527 783 
16  272 528 784 
17  273 529 785 
18  274 530 786 
19  275 531 787 
20  276 532 788 
21  277 533 789 
22  278 534 790 
23  279 535 791 
24  280 536 792 
25  281 537 793 
26  282 538 794 
27  283 539 795 
28  284 540 796 
29  285 541 797 
30  286 542 798 
31  287 543 799 
32  288 544 800 
33  289 545 801 
34  290 546 802 
35  291 547 803 
36  292 548 804 
37  293 549 805 
38  294 550 806 
39  295 551 807 
40  296 552 808 
41  297 553 809 
42  298 554 810 
43  299 555 811 
44  300 556 812 
45  301 557 813 
46  302 558 814 
47  303 559 815 
48  304 560 816 
49  305 561 817 
50  306 562 818 
51  307 563 819 
52  308 564 820 
53  309 565 821 
54  310 566 822 
55  311 567 823 
56  312 568 824 
57  313 569 825 
58  314 570 826 
59  315 571 827 
60  316 572 828 
61  317 573 829 
62  318 574 830 
63  319 575 831 
64  320 576 832 
65  321 577 833 
66  322 578 834 
67  323 579 835 
68  324 580 836 
69  325 581 837 
70  326 582 838 
71  327 583 839 
72  328 584 840 
73  329 585 841 
74  330 586 842 
75  331 587 843 
76  332 588 844 
77  333 589 845 
78  334 590 846 
79  335 591 847 
80  336 592 848 
81  337 593 849 
82  338 594 850 
83  339 595 851 
84  340 596 852 
85  341 597 853 
86  342 598 854 
87  343 599 855 
88  344 600 856 
89  345 601 857 
90  346 602 858 
91  347 603 859 
92  348 604 860 
93  349 605 861 
94  350 606 862 
95  351 607 863 
96  352 608 864 
97  353 609 865 
98  354 610 866 
99  355 611 867 
100 356 612 868 
101 357 613 869 
102 358 614 870 
103 359 615 871 
104 360 616 872 
105 361 617 873 
106 362 618 874 
107 363 619 875 
108 364 620 876 
109 365 621 877 
110 366 622 878 
111 367 623 879 
112 368 624 880 
113 369 625 881 
114 370 626 882 
115 371 627 883 
116 372 628 884 
117 373 629 885 
118 374 630 886 
119 375 631 887 
120 376 632 888 
121 377 633 889 
122 378 634 890 
123 379 635 891 
124 380 636 892 
125 381 637 893 
126 382 638 894 
127 383 639 895 
128 384 640 896 
129 385 641 897 
130 386 642 898 
131 387 643 899 
132 388 644 900 
133 389 645 901 
134 390 646 902 
135 391 647 903 
136 392 648 904 
137 393 649 905 
138 394 650 906 
139 395 651 907 
140 396 652 908 
141 397 653 909 
142 398 654 910 
143 399 655 911 
144 400 656 912 
145 401 657 913 
146 402 658 914 
147 403 659 915 
148 404 660 916 
149 405 661 917 
150 406 662 918 
151 407 663 919 
152 408 664 920 
153 409 665 921 
154 410 666 922 
155 411 667 923 
156 412 668 924 
157 413 669 925 
158 414 670 926 
159 415 671 927 
160 416 672 928 
161 417 673 929 
162 418 674 930 
163 419 675 931 
164 420 676 932 
165 421 677 933 
166 422 678 934 
167 423 679 935 
168 424 680 936 
169 425 681 937 
170 426 682 938 
171 427 683 939 
172 428 684 940 
173 429 685 941 
174 430 686 942 
175 431 687 943 
176 432 688 944 
177 433 689 945 
178 434 690 946 
179 435 691 947 
180 436 692 948 
181 437 693 949 
182 438 694 950 
183 439 695 951 
184 440 696 952 
185 441 697 953 
186 442 698 954 
187 443 699 955 
188 444 700 956 
189 445 701 957 
190 446 702 958 
191 447 703 959 
192 448 704 960 
193 449 705 961 
194 450 706 962 
195 451 707 963 
196 452 708 964 
197 453 709 965 
198 454 710 966 
199 455 711 967 
200 456 712 968 
201 457 713 969 
202 458 714 970 
203 459 715 971 
204 460 716 972 
205 461 717 973 
206 462 718 974 
207 463 719 975 
208 464 720 976 
209 465 721 977 
210 466 722 978 
211 467 723 979 
212 468 724 980 
213 469 725 981 
214 470 726 982 
215 471 727 983 
216 472 728 984 
217 473 729 985 
218 474 730 986 
219 475 731 987 
220 476 732 988 
221 477 733 989 
222 478 734 990 
223 479 735 991 
224 480 736 992 
225 481 737 993 
226 482 738 994 
227 483 739 995 
228 484 740 996 
229 485 741 997 
230 486 742 998 
231 487 743 999 
232 488 744 1000 
233 489 745 1001 
234 490 746 1002 
235 491 747 1003 
236 492 748 1004 
237 493 749 1005 
238 494 750 1006 
239 495 751 1007 
240 496 752 1008 
241 497 753 1009 
242 498 754 1010 
243 499 755 1011 
244 500 756 1012 
245 501 757 1013 
246 502 758 1014 
247 503 759 1015 
248 504 760 1016 
249 505 761 1017 
250 506 762 1018 
251 507 763 1019 
252 508 764 1020 
253 509 765 1021 
254 510 766 1022 
==9731== Profiling application: ./assignment 256 2
==9731== Profiling result:
            Type  Time(%)      Time     Calls       Avg       Min       Max  Name
 GPU activities:   48.02%  2.7200us         1  2.7200us  2.7200us  2.7200us  gpu_all_arith_const(int*)
                   29.94%  1.6960us         1  1.6960us  1.6960us  1.6960us  [CUDA memcpy HtoD]
                   22.03%  1.2480us         1  1.2480us  1.2480us  1.2480us  [CUDA memcpy DtoH]
      API calls:   99.03%  82.535ms         1  82.535ms  82.535ms  82.535ms  cudaMallocHost
                    0.38%  315.05us         1  315.05us  315.05us  315.05us  cudaFreeHost
                    0.19%  159.11us         1  159.11us  159.11us  159.11us  cuLibraryLoadData
                    0.16%  135.53us       114  1.1880us     180ns  56.036us  cuDeviceGetAttribute
                    0.08%  67.838us         1  67.838us  67.838us  67.838us  cudaFree
                    0.06%  50.445us         1  50.445us  50.445us  50.445us  cudaMalloc
                    0.03%  21.600us         1  21.600us  21.600us  21.600us  cuDeviceGetName
                    0.03%  20.859us         1  20.859us  20.859us  20.859us  cudaLaunchKernel
                    0.02%  14.828us         1  14.828us  14.828us  14.828us  cudaMemcpy
                    0.02%  13.114us         1  13.114us  13.114us  13.114us  cudaMemcpyToSymbol
                    0.01%  7.7640us         1  7.7640us  7.7640us  7.7640us  cuDeviceGetPCIBusId
                    0.00%  2.0740us         3     691ns     511ns     992ns  cuDeviceGetCount
                    0.00%     781ns         2     390ns     190ns     591ns  cuDeviceGet
                    0.00%     390ns         1     390ns     390ns     390ns  cuDeviceTotalMem
                    0.00%     310ns         1     310ns     310ns     310ns  cuModuleGetLoadingMode
                    0.00%     260ns         1     260ns     260ns     260ns  cuDeviceGetUuid
Press enter to continue:Portion 8 - Constant memory only
Running with block size of 256 -
==9745== NVPROF is profiling process 9745, command: ./assignment 256 3
B0  B1  B2  B3  
-2  -2  -2  -2  
-2  -2  -2  -2  
-2  -2  -2  -2  
-2  -2  -2  -2  
-2  -2  -2  -2  
-2  -2  -2  -2  
-2  -2  -2  -2  
-2  -2  -2  -2  
-2  -2  -2  -2  
-2  -2  -2  -2  
-2  -2  -2  -2  
-2  -2  -2  -2  
-2  -2  -2  -2  
-2  -2  -2  -2  
-2  -2  -2  -2  
-2  -2  -2  -2  
-2  -2  -2  -2  
-2  -2  -2  -2  
-2  -2  -2  -2  
-2  -2  -2  -2  
-2  -2  -2  -2  
-2  -2  -2  -2  
-2  -2  -2  -2  
-2  -2  -2  -2  
-2  -2  -2  -2  
-2  -2  -2  -2  
-2  -2  -2  -2  
-2  -2  -2  -2  
-2  -2  -2  -2  
-2  -2  -2  -2  
-2  -2  -2  -2  
-2  -2  -2  -2  
-2  -2  -2  -2  
-2  -2  -2  -2  
-2  -2  -2  -2  
-2  -2  -2  -2  
-2  -2  -2  -2  
-2  -2  -2  -2  
-2  -2  -2  -2  
-2  -2  -2  -2  
-2  -2  -2  -2  
-2  -2  -2  -2  
-2  -2  -2  -2  
-2  -2  -2  -2  
-2  -2  -2  -2  
-2  -2  -2  -2  
-2  -2  -2  -2  
-2  -2  -2  -2  
-2  -2  -2  -2  
-2  -2  -2  -2  
-2  -2  -2  -2  
-2  -2  -2  -2  
-2  -2  -2  -2  
-2  -2  -2  -2  
-2  -2  -2  -2  
-2  -2  -2  -2  
-2  -2  -2  -2  
-2  -2  -2  -2  
-2  -2  -2  -2  
-2  -2  -2  -2  
-2  -2  -2  -2  
-2  -2  -2  -2  
-2  -2  -2  -2  
-2  -2  -2  -2  
-2  -2  -2  -2  
-2  -2  -2  -2  
-2  -2  -2  -2  
-2  -2  -2  -2  
-2  -2  -2  -2  
-2  -2  -2  -2  
-2  -2  -2  -2  
-2  -2  -2  -2  
-2  -2  -2  -2  
-2  -2  -2  -2  
-2  -2  -2  -2  
-2  -2  -2  -2  
-2  -2  -2  -2  
-2  -2  -2  -2  
-2  -2  -2  -2  
-2  -2  -2  -2  
-2  -2  -2  -2  
-2  -2  -2  -2  
-2  -2  -2  -2  
-2  -2  -2  -2  
-2  -2  -2  -2  
-2  -2  -2  -2  
-2  -2  -2  -2  
-2  -2  -2  -2  
-2  -2  -2  -2  
-2  -2  -2  -2  
-2  -2  -2  -2  
-2  -2  -2  -2  
-2  -2  -2  -2  
-2  -2  -2  -2  
-2  -2  -2  -2  
-2  -2  -2  -2  
-2  -2  -2  -2  
-2  -2  -2  -2  
-2  -2  -2  -2  
-2  -2  -2  -2  
-2  -2  -2  -2  
-2  -2  -2  -2  
-2  -2  -2  -2  
-2  -2  -2  -2  
-2  -2  -2  -2  
-2  -2  -2  -2  
-2  -2  -2  -2  
-2  -2  -2  -2  
-2  -2  -2  -2  
-2  -2  -2  -2  
-2  -2  -2  -2  
-2  -2  -2  -2  
-2  -2  -2  -2  
-2  -2  -2  -2  
-2  -2  -2  -2  
-2  -2  -2  -2  
-2  -2  -2  -2  
-2  -2  -2  -2  
-2  -2  -2  -2  
-2  -2  -2  -2  
-2  -2  -2  -2  
-2  -2  -2  -2  
-2  -2  -2  -2  
-2  -2  -2  -2  
-2  -2  -2  -2  
-2  -2  -2  -2  
-2  -2  -2  -2  
-2  -2  -2  -2  
-2  -2  -2  -2  
-2  -2  -2  -2  
-2  -2  -2  -2  
-2  -2  -2  -2  
-2  -2  -2  -2  
-2  -2  -2  -2  
-2  -2  -2  -2  
-2  -2  -2  -2  
-2  -2  -2  -2  
-2  -2  -2  -2  
-2  -2  -2  -2  
-2  -2  -2  -2  
-2  -2  -2  -2  
-2  -2  -2  -2  
-2  -2  -2  -2  
-2  -2  -2  -2  
-2  -2  -2  -2  
-2  -2  -2  -2  
-2  -2  -2  -2  
-2  -2  -2  -2  
-2  -2  -2  -2  
-2  -2  -2  -2  
-2  -2  -2  -2  
-2  -2  -2  -2  
-2  -2  -2  -2  
-2  -2  -2  -2  
-2  -2  -2  -2  
-2  -2  -2  -2  
-2  -2  -2  -2  
-2  -2  -2  -2  
-2  -2  -2  -2  
-2  -2  -2  -2  
-2  -2  -2  -2  
-2  -2  -2  -2  
-2  -2  -2  -2  
-2  -2  -2  -2  
-2  -2  -2  -2  
-2  -2  -2  -2  
-2  -2  -2  -2  
-2  -2  -2  -2  
-2  -2  -2  -2  
-2  -2  -2  -2  
-2  -2  -2  -2  
-2  -2  -2  -2  
-2  -2  -2  -2  
-2  -2  -2  -2  
-2  -2  -2  -2  
-2  -2  -2  -2  
-2  -2  -2  -2  
-2  -2  -2  -2  
-2  -2  -2  -2  
-2  -2  -2  -2  
-2  -2  -2  -2  
-2  -2  -2  -2  
-2  -2  -2  -2  
-2  -2  -2  -2  
-2  -2  -2  -2  
-2  -2  -2  -2  
-2  -2  -2  -2  
-2  -2  -2  -2  
-2  -2  -2  -2  
-2  -2  -2  -2  
-2  -2  -2  -2  
-2  -2  -2  -2  
-2  -2  -2  -2  
-2  -2  -2  -2  
-2  -2  -2  -2  
-2  -2  -2  -2  
-2  -2  -2  -2  
-2  -2  -2  -2  
-2  -2  -2  -2  
-2  -2  -2  -2  
-2  -2  -2  -2  
-2  -2  -2  -2  
-2  -2  -2  -2  
-2  -2  -2  -2  
-2  -2  -2  -2  
-2  -2  -2  -2  
-2  -2  -2  -2  
-2  -2  -2  -2  
-2  -2  -2  -2  
-2  -2  -2  -2  
-2  -2  -2  -2  
-2  -2  -2  -2  
-2  -2  -2  -2  
-2  -2  -2  -2  
-2  -2  -2  -2  
-2  -2  -2  -2  
-2  -2  -2  -2  
-2  -2  -2  -2  
-2  -2  -2  -2  
-2  -2  -2  -2  
-2  -2  -2  -2  
-2  -2  -2  -2  
-2  -2  -2  -2  
-2  -2  -2  -2  
-2  -2  -2  -2  
-2  -2  -2  -2  
-2  -2  -2  -2  
-2  -2  -2  -2  
-2  -2  -2  -2  
-2  -2  -2  -2  
-2  -2  -2  -2  
-2  -2  -2  -2  
-2  -2  -2  -2  
-2  -2  -2  -2  
-2  -2  -2  -2  
-2  -2  -2  -2  
-2  -2  -2  -2  
-2  -2  -2  -2  
-2  -2  -2  -2  
-2  -2  -2  -2  
-2  -2  -2  -2  
-2  -2  -2  -2  
-2  -2  -2  -2  
-2  -2  -2  -2  
-2  -2  -2  -2  
-2  -2  -2  -2  
-2  -2  -2  -2  
-2  -2  -2  -2  
-2  -2  -2  -2  
-2  -2  -2  -2  
-2  -2  -2  -2  
-2  -2  -2  -2  
-2  -2  -2  -2  
-2  -2  -2  -2  
-2  -2  -2  -2  
-2  -2  -2  -2  
==9745== Profiling application: ./assignment 256 3
==9745== Profiling result:
            Type  Time(%)      Time     Calls       Avg       Min       Max  Name
 GPU activities:   66.68%  2.6240us         1  2.6240us  2.6240us  2.6240us  gpu_all_arith_only_const(int*)
                   33.32%  1.3110us         1  1.3110us  1.3110us  1.3110us  [CUDA memcpy DtoH]
      API calls:   99.05%  75.338ms         1  75.338ms  75.338ms  75.338ms  cudaMallocHost
                    0.41%  314.02us         1  314.02us  314.02us  314.02us  cudaFreeHost
                    0.16%  120.67us         1  120.67us  120.67us  120.67us  cuLibraryLoadData
                    0.14%  103.47us       114     907ns     110ns  44.664us  cuDeviceGetAttribute
                    0.09%  67.166us         1  67.166us  67.166us  67.166us  cudaFree
                    0.07%  49.584us         1  49.584us  49.584us  49.584us  cudaMalloc
                    0.03%  22.923us         1  22.923us  22.923us  22.923us  cudaLaunchKernel
                    0.02%  18.565us         1  18.565us  18.565us  18.565us  cudaMemcpy
                    0.02%  16.982us         1  16.982us  16.982us  16.982us  cuDeviceGetName
                    0.01%  6.3320us         1  6.3320us  6.3320us  6.3320us  cuDeviceGetPCIBusId
                    0.00%  1.0520us         3     350ns     150ns     591ns  cuDeviceGetCount
                    0.00%     411ns         2     205ns     110ns     301ns  cuDeviceGet
                    0.00%     310ns         1     310ns     310ns     310ns  cuDeviceTotalMem
                    0.00%     191ns         1     191ns     191ns     191ns  cuModuleGetLoadingMode
                    0.00%     150ns         1     150ns     150ns     150ns  cuDeviceGetUuid
