Frederich Stine - EN 605.617 - JHU EP
----------------------------------------------------------------
Example runner to show execution of Module 7 assignment
----------------------------------------------------------------
This is a provided example runner of how to properly use
my module 7 assignment.
This assignment runs through an arith kernel from module 6
using both default and streamed execution. The amount of
streams is variable and is changed throughout this run.sh script
    0: Streamed execution
    1: Synchronous execution

Press enter to continue:
0: Streamed execution
Running 1024 threads with block size of 64 - 2 streams
==153444== NVPROF is profiling process 153444, command: ./assignment 1024 64 0 2
Time taken: 0.0655 ms
==153444== Profiling application: ./assignment 1024 64 0 2
==153444== Profiling result:
            Type  Time(%)      Time     Calls       Avg       Min       Max  Name
 GPU activities:   81.07%  17.536us         2  8.7680us  8.0640us  9.4720us  gpu_arith(int*, int*)
                   11.98%  2.5920us         2  1.2960us  1.0240us  1.5680us  [CUDA memcpy DtoH]
                    6.95%  1.5040us         2     752ns     512ns     992ns  [CUDA memcpy HtoD]
      API calls:   99.09%  88.847ms         2  44.423ms  3.0660us  88.843ms  cudaMallocHost
                    0.37%  332.16us         2  166.08us  3.6270us  328.53us  cudaFreeHost
                    0.13%  116.07us       114  1.0180us     110ns  51.137us  cuDeviceGetAttribute
                    0.11%  94.578us         1  94.578us  94.578us  94.578us  cuLibraryLoadData
                    0.09%  79.159us         2  39.579us  4.4780us  74.681us  cudaFree
                    0.06%  55.104us         2  27.552us  2.0440us  53.060us  cudaMalloc
                    0.03%  24.517us         4  6.1290us  3.5470us  11.131us  cudaMemcpyAsync
                    0.02%  21.691us         2  10.845us  3.7570us  17.934us  cudaLaunchKernel
                    0.02%  19.587us         1  19.587us  19.587us  19.587us  cuDeviceGetName
                    0.02%  18.585us         2  9.2920us  1.5930us  16.992us  cudaStreamCreateWithFlags
                    0.02%  15.459us         1  15.459us  15.459us  15.459us  cudaDeviceSynchronize
                    0.01%  11.632us         2  5.8160us  1.8030us  9.8290us  cudaEventRecord
                    0.01%  7.6550us         1  7.6550us  7.6550us  7.6550us  cuDeviceGetPCIBusId
                    0.01%  6.2210us         2  3.1100us  1.4720us  4.7490us  cudaStreamDestroy
                    0.01%  4.6480us         1  4.6480us  4.6480us  4.6480us  cudaEventSynchronize
                    0.00%  2.6260us         2  1.3130us     582ns  2.0440us  cudaEventCreate
                    0.00%  1.6030us         3     534ns     280ns     982ns  cuDeviceGetCount
                    0.00%  1.2720us         1  1.2720us  1.2720us  1.2720us  cudaEventElapsedTime
                    0.00%     751ns         1     751ns     751ns     751ns  cuModuleGetLoadingMode
                    0.00%     400ns         2     200ns     140ns     260ns  cuDeviceGet
                    0.00%     300ns         1     300ns     300ns     300ns  cuDeviceTotalMem
                    0.00%     210ns         1     210ns     210ns     210ns  cuDeviceGetUuid
Press enter to continue:
1: Synchronous execution
Running 1024 threads with block size of 64
==153457== NVPROF is profiling process 153457, command: ./assignment 1024 64 1
==153457== Time taken: 0.0581 ms
Profiling application: ./assignment 1024 64 1
==153457== Profiling result:
            Type  Time(%)      Time     Calls       Avg       Min       Max  Name
 GPU activities:   83.94%  9.5360us         1  9.5360us  9.5360us  9.5360us  gpu_arith(int*, int*)
                   10.99%  1.2480us         1  1.2480us  1.2480us  1.2480us  [CUDA memcpy DtoH]
                    5.07%     576ns         1     576ns     576ns     576ns  [CUDA memcpy HtoD]
      API calls:   98.85%  80.457ms         2  40.229ms  2.9660us  80.454ms  cudaMallocHost
                    0.41%  330.12us         2  165.06us  3.4170us  326.70us  cudaFreeHost
                    0.22%  178.78us       114  1.5680us     200ns  72.135us  cuDeviceGetAttribute
                    0.22%  178.37us         1  178.37us  178.37us  178.37us  cuLibraryLoadData
                    0.09%  74.831us         2  37.415us  5.4400us  69.391us  cudaFree
                    0.07%  56.487us         2  28.243us  2.1640us  54.323us  cudaMalloc
                    0.05%  38.312us         2  19.156us  16.521us  21.791us  cudaMemcpy
                    0.03%  27.241us         1  27.241us  27.241us  27.241us  cuDeviceGetName
                    0.02%  18.405us         1  18.405us  18.405us  18.405us  cudaLaunchKernel
                    0.02%  12.814us         2  6.4070us  1.6030us  11.211us  cudaEventRecord
                    0.01%  6.9130us         2  3.4560us     661ns  6.2520us  cudaEventCreate
                    0.01%  6.2120us         1  6.2120us  6.2120us  6.2120us  cuDeviceGetPCIBusId
                    0.01%  4.1970us         1  4.1970us  4.1970us  4.1970us  cudaEventSynchronize
                    0.00%  1.9030us         3     634ns     421ns  1.0110us  cuDeviceGetCount
                    0.00%  1.4820us         1  1.4820us  1.4820us  1.4820us  cudaEventElapsedTime
                    0.00%  1.1220us         2     561ns     320ns     802ns  cuDeviceGet
                    0.00%     611ns         1     611ns     611ns     611ns  cuDeviceTotalMem
                    0.00%     561ns         1     561ns     561ns     561ns  cuModuleGetLoadingMode
                    0.00%     420ns         1     420ns     420ns     420ns  cuDeviceGetUuid
Press enter to continue:
0: Streamed execution
Running 64000 threads with block size of 64 - 2 streams
==153470== NVPROF is profiling process 153470, command: ./assignment 64000 64 0 2
Time taken: 0.1099 ms
==153470== Profiling application: ./assignment 64000 64 0 2
==153470== Profiling result:
            Type  Time(%)      Time     Calls       Avg       Min       Max  Name
 GPU activities:   53.99%  52.385us         2  26.192us  24.736us  27.649us  gpu_arith(int*, int*)
                   24.57%  23.839us         2  11.919us  11.584us  12.255us  [CUDA memcpy HtoD]
                   21.44%  20.800us         2  10.400us  10.272us  10.528us  [CUDA memcpy DtoH]
      API calls:   98.83%  82.777ms         2  41.388ms  2.8150us  82.774ms  cudaMallocHost
                    0.39%  326.06us         2  163.03us  3.7570us  322.31us  cudaFreeHost
                    0.20%  171.35us       114  1.5030us     240ns  68.990us  cuDeviceGetAttribute
                    0.19%  159.49us         1  159.49us  159.49us  159.49us  cuLibraryLoadData
                    0.09%  74.039us         2  37.019us  4.8190us  69.220us  cudaFree
                    0.07%  56.417us         2  28.208us  1.8840us  54.533us  cudaMalloc
                    0.06%  51.316us         1  51.316us  51.316us  51.316us  cudaDeviceSynchronize
                    0.04%  33.543us         1  33.543us  33.543us  33.543us  cuDeviceGetName
                    0.03%  25.808us         2  12.904us  4.8290us  20.979us  cudaLaunchKernel
                    0.03%  24.605us         4  6.1510us  3.5760us  12.904us  cudaMemcpyAsync
                    0.02%  19.246us         2  9.6230us  1.6730us  17.573us  cudaStreamCreateWithFlags
                    0.01%  11.912us         2  5.9560us  1.8530us  10.059us  cudaEventRecord
                    0.01%  6.4920us         2  3.2460us  1.3920us  5.1000us  cudaStreamDestroy
                    0.01%  4.4880us         1  4.4880us  4.4880us  4.4880us  cudaEventSynchronize
                    0.01%  4.3180us         1  4.3180us  4.3180us  4.3180us  cuDeviceGetPCIBusId
                    0.00%  2.5950us         2  1.2970us     491ns  2.1040us  cudaEventCreate
                    0.00%  2.5050us         3     835ns     381ns  1.6530us  cuDeviceGetCount
                    0.00%  1.3730us         1  1.3730us  1.3730us  1.3730us  cudaEventElapsedTime
                    0.00%  1.1130us         2     556ns     311ns     802ns  cuDeviceGet
                    0.00%     531ns         1     531ns     531ns     531ns  cuModuleGetLoadingMode
                    0.00%     481ns         1     481ns     481ns     481ns  cuDeviceTotalMem
                    0.00%     371ns         1     371ns     371ns     371ns  cuDeviceGetUuid
Press enter to continue:
0: Streamed execution
Running 64000 threads with block size of 64 - 10 streams
==153483== NVPROF is profiling process 153483, command: ./assignment 64000 64 0 10
==153483== Time taken: 0.1606 ms
Profiling application: ./assignment 64000 64 0 10
==153483== Profiling result:
            Type  Time(%)      Time     Calls       Avg       Min       Max  Name
 GPU activities:   57.96%  94.847us        10  9.4840us  9.0550us  11.712us  gpu_arith(int*, int*)
                   23.02%  37.664us        10  3.7660us  3.1040us  4.5120us  [CUDA memcpy HtoD]
                   19.03%  31.137us        10  3.1130us  2.6560us  3.7440us  [CUDA memcpy DtoH]
      API calls:   98.85%  93.610ms         2  46.805ms  2.8560us  93.607ms  cudaMallocHost
                    0.34%  326.22us         2  163.11us  3.6170us  322.61us  cudaFreeHost
                    0.17%  163.95us       114  1.4380us     230ns  66.164us  cuDeviceGetAttribute
                    0.17%  157.56us         1  157.56us  157.56us  157.56us  cuLibraryLoadData
                    0.09%  85.510us        10  8.5510us  1.2930us  56.887us  cudaStreamCreateWithFlags
                    0.08%  74.229us         2  37.114us  4.6080us  69.621us  cudaFree
                    0.07%  65.386us        20  3.2690us  2.2540us  12.603us  cudaMemcpyAsync
                    0.06%  56.406us         2  28.203us  2.0540us  54.352us  cudaMalloc
                    0.05%  51.238us        10  5.1230us  2.9760us  19.286us  cudaLaunchKernel
                    0.03%  30.718us         1  30.718us  30.718us  30.718us  cudaDeviceSynchronize
                    0.03%  28.383us         1  28.383us  28.383us  28.383us  cuDeviceGetName
                    0.02%  16.440us        10  1.6440us  1.2720us  4.4890us  cudaStreamDestroy
                    0.01%  12.454us         2  6.2270us  2.0340us  10.420us  cudaEventRecord
                    0.01%  7.5940us         1  7.5940us  7.5940us  7.5940us  cuDeviceGetPCIBusId
                    0.00%  4.6280us         1  4.6280us  4.6280us  4.6280us  cudaEventSynchronize
                    0.00%  2.7260us         2  1.3630us     501ns  2.2250us  cudaEventCreate
                    0.00%  2.2850us         3     761ns     361ns  1.2930us  cuDeviceGetCount
                    0.00%  1.1820us         1  1.1820us  1.1820us  1.1820us  cudaEventElapsedTime
                    0.00%     801ns         2     400ns     250ns     551ns  cuDeviceGet
                    0.00%     611ns         1     611ns     611ns     611ns  cuDeviceTotalMem
                    0.00%     491ns         1     491ns     491ns     491ns  cuModuleGetLoadingMode
                    0.00%     330ns         1     330ns     330ns     330ns  cuDeviceGetUuid
Press enter to continue:
0: Streamed execution
Running 64000 threads with block size of 64 - 100 streams
==153496== NVPROF is profiling process 153496, command: ./assignment 64000 64 0 100
Time taken: 0.8636 ms
==153496== Profiling application: ./assignment 64000 64 0 100
==153496== Profiling result:
            Type  Time(%)      Time     Calls       Avg       Min       Max  Name
 GPU activities:   79.33%  838.95us       100  8.3890us  8.0320us  9.4720us  gpu_arith(int*, int*)
                   10.61%  112.26us       100  1.1220us     416ns  1.8560us  [CUDA memcpy HtoD]
                   10.06%  106.37us       100  1.0630us     960ns  1.6640us  [CUDA memcpy DtoH]
      API calls:   96.75%  85.366ms         2  42.683ms  2.7450us  85.363ms  cudaMallocHost
                    1.19%  1.0533ms       100  10.533us  1.1020us  601.32us  cudaStreamCreateWithFlags
                    0.58%  508.10us       200  2.5400us  2.2040us  11.121us  cudaMemcpyAsync
                    0.37%  328.54us         2  164.27us  3.4670us  325.07us  cudaFreeHost
                    0.33%  291.11us       100  2.9110us  2.5640us  18.836us  cudaLaunchKernel
                    0.19%  172.00us       114  1.5080us     250ns  69.130us  cuDeviceGetAttribute
                    0.18%  162.80us         1  162.80us  162.80us  162.80us  cuLibraryLoadData
                    0.16%  144.25us       100  1.4420us  1.2420us  6.8220us  cudaStreamDestroy
                    0.08%  73.078us         2  36.539us  4.6490us  68.429us  cudaFree
                    0.07%  58.060us         2  29.030us  2.0140us  56.046us  cudaMalloc
                    0.03%  28.303us         1  28.303us  28.303us  28.303us  cuDeviceGetName
                    0.01%  13.205us         2  6.6020us  2.1840us  11.021us  cudaEventRecord
                    0.01%  12.223us         1  12.223us  12.223us  12.223us  cudaDeviceSynchronize
                    0.01%  6.9330us         1  6.9330us  6.9330us  6.9330us  cuDeviceGetPCIBusId
                    0.01%  4.8890us         1  4.8890us  4.8890us  4.8890us  cudaEventSynchronize
                    0.00%  2.5950us         2  1.2970us     501ns  2.0940us  cudaEventCreate
                    0.00%  2.1840us         3     728ns     351ns  1.3330us  cuDeviceGetCount
                    0.00%  1.3830us         1  1.3830us  1.3830us  1.3830us  cudaEventElapsedTime
                    0.00%     871ns         2     435ns     280ns     591ns  cuDeviceGet
                    0.00%     641ns         1     641ns     641ns     641ns  cuDeviceTotalMem
                    0.00%     541ns         1     541ns     541ns     541ns  cuModuleGetLoadingMode
                    0.00%     391ns         1     391ns     391ns     391ns  cuDeviceGetUuid
Press enter to continue:0: Synchronous execution
Running 64000 threads with block size of 64
==153509== NVPROF is profiling process 153509, command: ./assignment 64000 64 1
Time taken: 0.1337 ms
==153509== Profiling application: ./assignment 64000 64 1
==153509== Profiling result:
            Type  Time(%)      Time     Calls       Avg       Min       Max  Name
 GPU activities:   53.26%  47.553us         1  47.553us  47.553us  47.553us  gpu_arith(int*, int*)
                   24.70%  22.048us         1  22.048us  22.048us  22.048us  [CUDA memcpy HtoD]
                   22.04%  19.680us         1  19.680us  19.680us  19.680us  [CUDA memcpy DtoH]
      API calls:   98.85%  85.114ms         2  42.557ms  2.8950us  85.111ms  cudaMallocHost
                    0.38%  322.94us         2  161.47us  3.2360us  319.70us  cudaFreeHost
                    0.21%  180.23us       114  1.5800us     230ns  68.199us  cuDeviceGetAttribute
                    0.19%  159.70us         1  159.70us  159.70us  159.70us  cuLibraryLoadData
                    0.13%  109.56us         2  54.778us  38.302us  71.254us  cudaMemcpy
                    0.09%  74.270us         2  37.135us  4.2780us  69.992us  cudaFree
                    0.07%  58.629us         2  29.314us  2.0430us  56.586us  cudaMalloc
                    0.03%  27.763us         1  27.763us  27.763us  27.763us  cuDeviceGetName
                    0.02%  18.405us         1  18.405us  18.405us  18.405us  cudaLaunchKernel
                    0.01%  11.331us         2  5.6650us  1.7030us  9.6280us  cudaEventRecord
                    0.01%  7.9050us         1  7.9050us  7.9050us  7.9050us  cuDeviceGetPCIBusId
                    0.01%  7.1930us         2  3.5960us     631ns  6.5620us  cudaEventCreate
                    0.00%  4.2680us         1  4.2680us  4.2680us  4.2680us  cudaEventSynchronize
                    0.00%  2.4050us         3     801ns     361ns  1.4930us  cuDeviceGetCount
                    0.00%  1.1320us         1  1.1320us  1.1320us  1.1320us  cudaEventElapsedTime
                    0.00%     913ns         2     456ns     321ns     592ns  cuDeviceGet
                    0.00%     471ns         1     471ns     471ns     471ns  cuModuleGetLoadingMode
                    0.00%     471ns         1     471ns     471ns     471ns  cuDeviceTotalMem
                    0.00%     371ns         1     371ns     371ns     371ns  cuDeviceGetUuid
Press enter to continue:
0: Streamed execution
Running 64000 threads with block size of 128 - 2 streams
==153522== NVPROF is profiling process 153522, command: ./assignment 64000 128 0 2
Time taken: 0.1134 ms
==153522== Profiling application: ./assignment 64000 128 0 2
==153522== Profiling result:
            Type  Time(%)      Time     Calls       Avg       Min       Max  Name
 GPU activities:   54.01%  52.192us         2  26.096us  24.960us  27.232us  gpu_arith(int*, int*)
                   24.74%  23.904us         2  11.952us  11.616us  12.288us  [CUDA memcpy HtoD]
                   21.26%  20.544us         2  10.272us  10.240us  10.304us  [CUDA memcpy DtoH]
      API calls:   98.83%  70.655ms         2  35.327ms  2.8160us  70.652ms  cudaMallocHost
                    0.45%  323.57us         2  161.78us  3.2960us  320.27us  cudaFreeHost
                    0.15%  107.04us       114     938ns     110ns  46.588us  cuDeviceGetAttribute
                    0.13%  96.492us         1  96.492us  96.492us  96.492us  cuLibraryLoadData
                    0.10%  73.548us         2  36.774us  4.5580us  68.990us  cudaFree
                    0.08%  59.481us         2  29.740us  1.9830us  57.498us  cudaMalloc
                    0.08%  55.014us         1  55.014us  55.014us  55.014us  cudaDeviceSynchronize
                    0.04%  25.538us         2  12.769us  4.4280us  21.110us  cudaLaunchKernel
                    0.03%  24.476us         4  6.1190us  3.2660us  13.445us  cudaMemcpyAsync
                    0.03%  21.420us         1  21.420us  21.420us  21.420us  cuDeviceGetName
                    0.02%  17.693us         2  8.8460us  1.4730us  16.220us  cudaStreamCreateWithFlags
                    0.02%  11.842us         2  5.9210us  1.7030us  10.139us  cudaEventRecord
                    0.01%  6.2520us         1  6.2520us  6.2520us  6.2520us  cuDeviceGetPCIBusId
                    0.01%  5.9500us         2  2.9750us  1.4020us  4.5480us  cudaStreamDestroy
                    0.01%  4.8390us         1  4.8390us  4.8390us  4.8390us  cudaEventSynchronize
                    0.00%  2.6450us         2  1.3220us     501ns  2.1440us  cudaEventCreate
                    0.00%  1.1630us         3     387ns     221ns     681ns  cuDeviceGetCount
                    0.00%  1.0020us         1  1.0020us  1.0020us  1.0020us  cudaEventElapsedTime
                    0.00%     430ns         2     215ns     140ns     290ns  cuDeviceGet
                    0.00%     370ns         1     370ns     370ns     370ns  cuDeviceTotalMem
                    0.00%     270ns         1     270ns     270ns     270ns  cuModuleGetLoadingMode
                    0.00%     200ns         1     200ns     200ns     200ns  cuDeviceGetUuid
Press enter to continue:
0: Streamed execution
Running 64000 threads with block size of 128 - 10 streams
==153535== NVPROF is profiling process 153535, command: ./assignment 64000 128 0 10
Time taken: 0.1533 ms
==153535== Profiling application: ./assignment 64000 128 0 10
==153535== Profiling result:
            Type  Time(%)      Time     Calls       Avg       Min       Max  Name
 GPU activities:   57.81%  97.186us        10  9.7180us  8.9280us  12.608us  gpu_arith(int*, int*)
                   23.11%  38.850us        10  3.8850us  3.4890us  4.4800us  [CUDA memcpy HtoD]
                   19.07%  32.065us        10  3.2060us  2.6240us  4.0000us  [CUDA memcpy DtoH]
      API calls:   98.70%  86.098ms         2  43.049ms  3.0760us  86.095ms  cudaMallocHost
                    0.37%  319.00us         2  159.50us  3.5660us  315.43us  cudaFreeHost
                    0.22%  187.78us       114  1.6470us     280ns  75.322us  cuDeviceGetAttribute
                    0.21%  185.09us         1  185.09us  185.09us  185.09us  cuLibraryLoadData
                    0.10%  85.452us        10  8.5450us  1.3730us  56.727us  cudaStreamCreateWithFlags
                    0.09%  76.192us         2  38.096us  4.6180us  71.574us  cudaFree
                    0.08%  66.504us        20  3.3250us  2.2940us  13.124us  cudaMemcpyAsync
                    0.07%  56.826us         2  28.413us  1.9830us  54.843us  cudaMalloc
                    0.06%  50.545us        10  5.0540us  3.0860us  18.785us  cudaLaunchKernel
                    0.03%  29.245us         1  29.245us  29.245us  29.245us  cuDeviceGetName
                    0.03%  28.484us         1  28.484us  28.484us  28.484us  cudaDeviceSynchronize
                    0.02%  17.022us        10  1.7020us  1.2830us  5.0600us  cudaStreamDestroy
                    0.01%  11.562us         2  5.7810us  1.9340us  9.6280us  cudaEventRecord
                    0.01%  6.5520us         1  6.5520us  6.5520us  6.5520us  cuDeviceGetPCIBusId
                    0.01%  4.8290us         1  4.8290us  4.8290us  4.8290us  cudaEventSynchronize
                    0.00%  2.4840us         2  1.2420us     481ns  2.0030us  cudaEventCreate
                    0.00%  2.3750us         3     791ns     401ns  1.4030us  cuDeviceGetCount
                    0.00%  1.2120us         1  1.2120us  1.2120us  1.2120us  cudaEventElapsedTime
                    0.00%     932ns         2     466ns     341ns     591ns  cuDeviceGet
                    0.00%     511ns         1     511ns     511ns     511ns  cuModuleGetLoadingMode
                    0.00%     511ns         1     511ns     511ns     511ns  cuDeviceTotalMem
                    0.00%     410ns         1     410ns     410ns     410ns  cuDeviceGetUuid
Press enter to continue:
0: Streamed execution
Running 64000 threads with block size of 128 - 100 streams
==153548== NVPROF is profiling process 153548, command: ./assignment 64000 128 0 100
==153548== Profiling application: ./assignment 64000 128 0 100
Time taken: 0.8818 ms
==153548== Profiling result:
            Type  Time(%)      Time     Calls       Avg       Min       Max  Name
 GPU activities:   79.44%  846.47us       100  8.4640us  8.0320us  9.6010us  gpu_arith(int*, int*)
                   10.49%  111.81us       100  1.1180us     448ns  1.7280us  [CUDA memcpy HtoD]
                   10.07%  107.29us       100  1.0720us     991ns  1.7600us  [CUDA memcpy DtoH]
      API calls:   97.13%  96.471ms         2  48.236ms  2.7550us  96.468ms  cudaMallocHost
                    1.04%  1.0371ms       100  10.370us  1.1020us  585.12us  cudaStreamCreateWithFlags
                    0.53%  524.75us       200  2.6230us  2.2440us  20.389us  cudaMemcpyAsync
                    0.33%  327.41us         2  163.70us  3.5470us  323.86us  cudaFreeHost
                    0.29%  290.83us       100  2.9080us  2.5250us  18.034us  cudaLaunchKernel
                    0.17%  165.30us       114  1.4490us     231ns  67.888us  cuDeviceGetAttribute
                    0.15%  149.99us         1  149.99us  149.99us  149.99us  cuLibraryLoadData
                    0.15%  147.58us       100  1.4750us  1.2420us  7.0230us  cudaStreamDestroy
                    0.07%  72.246us         2  36.123us  4.7890us  67.457us  cudaFree
                    0.06%  56.908us         2  28.454us  2.0040us  54.904us  cudaMalloc
                    0.03%  28.263us         1  28.263us  28.263us  28.263us  cuDeviceGetName
                    0.01%  14.898us         1  14.898us  14.898us  14.898us  cudaDeviceSynchronize
                    0.01%  13.596us         2  6.7980us  1.8940us  11.702us  cudaEventRecord
                    0.01%  7.9350us         1  7.9350us  7.9350us  7.9350us  cuDeviceGetPCIBusId
                    0.00%  4.5790us         1  4.5790us  4.5790us  4.5790us  cudaEventSynchronize
                    0.00%  3.0150us         2  1.5070us     671ns  2.3440us  cudaEventCreate
                    0.00%  2.1750us         3     725ns     371ns  1.2930us  cuDeviceGetCount
                    0.00%  1.1720us         1  1.1720us  1.1720us  1.1720us  cudaEventElapsedTime
                    0.00%     931ns         2     465ns     300ns     631ns  cuDeviceGet
                    0.00%     461ns         1     461ns     461ns     461ns  cuDeviceTotalMem
                    0.00%     451ns         1     451ns     451ns     451ns  cuModuleGetLoadingMode
                    0.00%     321ns         1     321ns     321ns     321ns  cuDeviceGetUuid
Press enter to continue:
0: Synchronous execution
Running 64000 threads with block size of 128
==153561== NVPROF is profiling process 153561, command: ./assignment 64000 128 1
==153561== Time taken: 0.1377 ms
Profiling application: ./assignment 64000 128 1
==153561== Profiling result:
            Type  Time(%)      Time     Calls       Avg       Min       Max  Name
 GPU activities:   53.10%  47.392us         1  47.392us  47.392us  47.392us  gpu_arith(int*, int*)
                   24.81%  22.144us         1  22.144us  22.144us  22.144us  [CUDA memcpy HtoD]
                   22.09%  19.713us         1  19.713us  19.713us  19.713us  [CUDA memcpy DtoH]
      API calls:   98.80%  81.031ms         2  40.516ms  2.9350us  81.029ms  cudaMallocHost
                    0.39%  318.03us         2  159.01us  3.3660us  314.66us  cudaFreeHost
                    0.22%  177.42us       114  1.5560us     230ns  67.497us  cuDeviceGetAttribute
                    0.19%  157.44us         1  157.44us  157.44us  157.44us  cuLibraryLoadData
                    0.14%  117.20us         2  58.600us  38.462us  78.738us  cudaMemcpy
                    0.09%  73.799us         2  36.899us  5.0990us  68.700us  cudaFree
                    0.07%  55.545us         2  27.772us  1.9540us  53.591us  cudaMalloc
                    0.04%  28.714us         1  28.714us  28.714us  28.714us  cuDeviceGetName
                    0.02%  18.615us         1  18.615us  18.615us  18.615us  cudaLaunchKernel
                    0.01%  11.351us         2  5.6750us  1.7730us  9.5780us  cudaEventRecord
                    0.01%  7.7350us         1  7.7350us  7.7350us  7.7350us  cuDeviceGetPCIBusId
                    0.01%  6.0110us         2  3.0050us     541ns  5.4700us  cudaEventCreate
                    0.01%  4.3280us         1  4.3280us  4.3280us  4.3280us  cudaEventSynchronize
                    0.00%  2.5450us         3     848ns     491ns  1.0720us  cuDeviceGetCount
                    0.00%  1.0920us         1  1.0920us  1.0920us  1.0920us  cudaEventElapsedTime
                    0.00%  1.0010us         2     500ns     450ns     551ns  cuDeviceGet
                    0.00%     951ns         1     951ns     951ns     951ns  cuModuleGetLoadingMode
                    0.00%     501ns         1     501ns     501ns     501ns  cuDeviceTotalMem
                    0.00%     441ns         1     441ns     441ns     441ns  cuDeviceGetUuid
