Frederich Stine - EN 605.617 - JHU EP
----------------------------------------------------------------
Example runner to show execution of Module 11 assignment
----------------------------------------------------------------
 This runner demonstrates a convolution with a mask of 7x7 on a
 signal of 49x49. The input signal is randomly generated showing
 the effects of different values on the performance of the kernel


Press enter to continue:
OpenCL convolution kernel
Run 1
Input Signal
9 5 9 2 7 3 5 3 0 2 3 8 2 3 8 5 7 2 9 9 5 9 9 9 9 8 1 1 3 6 8 4 3 7 6 0 3 4 5 5 6 8 3 1 3 3 8 0 6 
7 0 1 7 1 2 6 1 4 7 6 2 7 1 5 4 9 5 9 3 2 5 2 2 0 3 5 4 1 6 0 8 8 3 7 9 6 5 2 2 4 0 4 1 1 9 8 3 6 
9 6 8 6 0 0 7 3 5 3 6 1 3 5 9 8 4 0 4 2 4 8 6 5 2 0 8 3 0 1 9 9 0 9 6 0 9 5 6 7 8 2 0 3 9 2 1 6 2 
8 8 9 6 6 4 1 8 4 4 8 8 6 0 0 5 8 2 7 3 8 4 3 3 4 8 4 6 9 0 1 9 8 0 8 7 6 1 5 2 5 6 0 3 6 0 9 6 5 
8 9 3 2 4 8 8 2 3 7 3 3 0 3 4 2 3 3 0 4 8 2 1 6 5 5 4 7 6 0 2 4 1 8 6 5 6 6 7 1 5 1 5 5 6 1 7 9 4 
7 3 4 2 6 3 7 1 7 4 7 8 7 3 9 5 1 7 3 8 4 5 3 7 2 1 5 3 8 6 9 8 1 5 0 8 8 7 1 6 3 9 6 2 2 7 7 4 4 
3 4 1 8 9 0 0 0 6 5 1 4 4 9 6 9 1 4 0 0 5 6 3 6 2 6 1 9 5 7 6 8 3 7 8 2 7 0 5 5 5 6 0 1 7 6 3 8 2 
3 0 9 9 3 6 3 1 9 4 9 6 0 9 1 9 8 3 7 8 8 2 4 6 4 7 3 0 0 1 2 3 1 4 4 7 0 7 0 1 4 9 9 6 1 0 6 9 3 
5 9 4 7 5 0 2 3 4 4 3 7 9 7 1 3 1 0 5 1 2 6 5 4 5 1 5 5 9 4 0 4 5 4 4 1 7 8 4 1 2 9 0 3 8 3 6 0 3 
3 3 6 9 0 0 6 3 5 1 3 1 4 7 8 8 3 9 7 1 5 0 6 5 1 9 3 4 8 5 0 1 8 8 3 0 0 9 4 7 1 7 0 7 6 8 5 0 8 
5 1 3 5 7 0 8 9 6 5 7 1 5 0 2 5 3 4 5 3 8 2 6 5 2 3 4 0 0 6 0 5 7 6 1 7 6 9 6 2 4 5 6 1 5 0 6 9 4 
1 2 5 5 0 2 7 3 6 0 3 2 0 1 2 6 2 1 5 3 7 9 0 4 7 1 9 7 8 0 4 1 4 9 7 4 1 6 7 0 6 3 2 7 4 6 5 8 7 
0 1 6 0 1 0 7 5 2 7 3 2 3 6 7 2 3 1 5 0 1 5 8 6 0 7 2 6 3 0 6 5 3 2 7 7 5 7 2 7 4 7 1 9 3 0 3 9 4 
8 9 5 6 9 3 6 7 5 4 0 7 0 5 0 3 5 7 0 2 1 7 6 8 0 7 2 1 0 1 5 8 2 2 4 1 5 2 8 0 7 0 9 7 8 9 2 3 9 
2 5 0 1 3 9 2 0 3 5 0 4 0 0 8 2 5 1 7 9 0 9 6 2 0 6 0 9 8 3 0 3 0 1 6 3 2 8 5 5 5 5 1 5 6 9 7 3 0 
6 2 2 7 1 5 7 7 7 9 7 3 9 0 3 0 7 9 2 7 4 9 3 2 0 0 0 9 8 3 2 6 7 4 6 8 1 3 7 9 4 5 2 4 7 7 6 6 6 
1 4 1 0 9 5 1 9 5 2 9 0 4 8 7 1 4 8 2 9 7 1 6 2 5 0 0 3 8 6 1 1 2 2 2 3 9 5 5 4 7 6 4 4 4 4 5 0 4 
7 2 1 1 8 6 6 0 6 1 8 4 3 2 9 7 4 2 7 9 7 1 8 6 8 2 0 4 7 3 8 7 5 1 8 3 7 4 5 5 6 5 2 9 7 1 6 1 5 
5 2 5 7 3 1 7 7 1 1 5 6 1 2 1 4 2 6 2 6 1 9 4 9 1 5 6 2 4 0 0 9 4 5 8 7 6 5 5 9 8 2 6 1 6 7 6 8 6 
0 6 9 1 1 8 3 8 7 7 2 7 7 4 3 2 2 3 8 0 8 8 0 2 6 4 0 5 0 8 1 2 6 3 3 9 3 6 8 0 6 2 9 3 6 3 8 1 6 
8 3 6 8 5 0 4 9 0 0 1 0 3 3 6 6 7 6 0 5 6 2 3 8 2 9 7 7 7 0 3 7 5 1 6 0 1 0 0 3 0 3 3 4 7 1 0 6 9 
2 3 7 5 9 8 7 8 5 4 7 7 9 4 2 2 0 2 3 1 4 8 3 8 3 9 7 4 2 5 6 4 0 3 1 9 1 8 7 8 4 4 7 5 1 9 7 1 4 
2 4 0 0 0 0 3 9 9 0 1 4 8 8 5 3 9 6 5 0 4 5 6 0 5 2 1 6 1 5 2 4 1 3 6 1 5 2 1 7 2 4 1 2 2 8 5 4 7 
2 4 1 0 0 3 5 4 7 1 6 2 4 2 5 9 8 7 4 0 0 3 4 4 5 6 9 5 2 3 4 4 7 5 4 9 1 1 4 8 3 2 2 9 4 7 8 2 4 
4 5 6 8 1 1 5 8 2 2 2 5 7 8 4 4 5 3 5 6 9 3 1 1 7 0 7 5 8 2 9 5 7 6 3 8 9 8 8 1 2 2 8 9 1 2 4 8 7 
9 6 9 5 8 0 2 0 8 7 1 0 9 6 9 7 1 9 8 1 8 1 3 2 9 3 3 3 9 3 2 8 0 1 5 0 4 0 0 4 9 3 6 0 9 5 9 0 6 
7 1 6 0 7 9 9 0 4 4 9 8 9 9 0 0 7 0 4 7 2 0 6 6 6 9 7 3 8 0 0 6 3 6 6 0 7 8 0 2 4 1 2 3 1 2 6 0 4 
2 7 8 3 5 6 9 4 4 5 5 6 5 1 9 3 9 0 1 9 2 5 6 4 7 9 7 9 5 7 5 8 6 3 3 1 0 4 8 6 9 3 2 6 6 1 2 7 3 
5 7 6 0 3 0 7 4 9 8 2 6 5 2 2 8 5 5 0 9 5 8 1 8 2 7 6 6 9 4 9 4 3 5 4 8 7 3 4 6 3 6 4 8 8 8 7 3 4 
9 5 1 0 6 0 2 3 8 8 5 4 8 1 7 5 6 7 5 1 2 1 5 8 8 3 9 6 2 2 2 4 7 4 4 5 6 6 9 4 7 6 9 5 7 8 2 5 8 
7 7 2 1 4 2 9 9 1 7 2 6 0 8 5 4 2 1 0 0 2 6 7 8 7 4 5 8 7 1 6 6 8 8 7 4 0 8 3 4 6 5 0 6 5 5 0 7 6 
2 0 8 8 7 6 6 2 2 4 9 5 2 7 3 2 5 7 4 3 0 8 1 8 8 7 5 6 9 3 2 1 3 3 2 2 1 0 4 5 6 5 0 8 3 5 2 0 4 
6 5 7 5 7 7 5 4 2 1 6 5 6 7 0 9 1 5 2 1 9 8 7 7 8 7 2 6 9 2 0 6 9 7 3 6 4 8 3 7 0 9 4 8 8 7 9 0 2 
1 3 3 9 3 0 0 0 4 8 2 8 8 0 8 6 3 4 2 1 7 1 3 8 6 3 9 5 2 9 7 4 4 2 5 7 5 7 0 9 5 2 8 6 2 6 4 5 2 
6 8 2 8 4 0 6 9 9 1 2 0 8 8 7 2 3 4 7 3 6 7 8 8 5 6 2 3 0 9 5 9 0 9 7 6 0 3 5 1 6 7 2 6 5 1 8 1 5 
6 4 2 3 4 2 0 1 5 5 1 4 2 0 4 2 9 0 2 4 8 5 0 5 9 8 3 0 7 4 6 3 8 0 8 2 4 0 5 9 7 7 6 9 9 2 1 1 5 
5 5 3 1 8 0 0 6 3 3 5 7 1 0 5 1 0 0 5 2 5 7 9 4 5 9 6 7 0 7 4 8 4 9 1 4 0 3 3 3 6 8 1 7 1 8 0 1 0 
8 4 8 5 3 2 2 4 0 1 7 9 6 5 4 5 6 0 5 9 3 1 6 4 4 5 5 4 6 8 5 4 4 3 1 8 7 3 2 0 6 9 9 2 6 5 0 2 6 
5 4 9 8 2 5 2 7 0 7 5 1 4 9 5 9 2 3 8 7 8 8 4 9 8 8 6 3 8 0 9 4 6 1 2 8 6 7 6 9 4 1 0 0 3 5 9 7 1 
7 5 1 6 9 0 6 7 8 1 6 1 1 2 7 4 6 6 2 5 4 1 9 7 1 9 0 9 0 8 0 8 5 1 6 6 3 2 3 2 3 1 3 6 5 0 0 4 8 
3 9 2 6 1 0 0 2 2 9 3 2 1 1 7 4 7 3 7 9 9 1 4 2 4 1 8 7 3 4 7 8 3 0 5 6 2 7 9 6 6 2 9 7 3 6 3 2 2 
0 3 1 2 7 3 8 0 3 7 4 7 5 2 3 7 9 9 1 6 8 7 4 0 6 3 5 5 6 7 7 7 2 0 1 0 3 9 0 9 9 6 8 4 1 1 3 0 3 
4 9 3 1 3 6 0 9 1 5 5 1 4 4 3 4 5 5 9 7 8 8 6 4 7 0 5 0 3 8 3 9 9 9 2 4 5 2 3 8 9 9 9 3 5 5 7 1 2 
7 8 0 7 4 5 4 6 2 5 1 2 0 0 1 1 4 6 6 7 1 5 6 2 6 2 8 3 9 1 6 8 9 6 8 5 3 2 3 8 9 4 0 2 6 4 3 0 2 
0 9 3 7 6 6 5 8 6 9 9 7 7 0 8 5 8 3 1 2 6 9 2 2 1 6 0 5 9 0 9 1 2 3 0 8 1 6 8 9 7 9 6 4 9 4 1 9 9 
2 2 5 1 6 9 5 2 9 0 3 1 2 7 3 5 9 3 8 7 3 7 4 3 5 0 4 9 4 4 0 6 8 7 0 4 6 5 8 7 7 3 0 9 0 4 6 2 9 
4 9 3 3 6 6 0 8 2 9 2 6 1 9 4 8 9 0 6 4 8 3 3 4 4 3 4 0 9 8 9 6 8 2 9 4 0 0 2 3 1 7 1 5 6 8 3 7 0 
0 3 1 5 6 5 9 9 1 1 9 0 1 7 0 5 8 4 8 0 8 3 4 5 4 9 3 4 2 0 5 4 3 8 2 0 3 1 1 4 5 0 6 6 9 6 3 8 2 
1 8 3 6 2 8 3 1 4 7 6 4 4 0 0 2 4 2 7 8 3 4 3 6 0 1 5 7 4 3 1 8 4 4 4 6 5 7 8 9 7 4 5 1 6 5 6 1 9 
Output Signal
 99.75  90.25  86.25   85.5   89.5   91.5     93   93.5  95.25  95.25  92.75  92.25  93.25  94.75   93.5  93.25     93  95.75  95.25   91.5  88.25     89  90.75     91  91.25  95.75  93.75  97.25  103.5 107.75    112 112.25 109.75  107.5 104.75  99.75     93     82  80.75  78.25  84.25     88   90.5 
 99.25   90.5  92.25     91  88.75     92     96  97.25    100   98.5  98.75     93   92.5  91.25  90.25  89.75  89.75  91.25  89.75     88   87.5   86.5     88     89  90.25   97.5     97  94.75  98.25  103.5  107.5  109.5 106.75 106.25 102.25  99.25     91   85.5  82.75     85  86.25  89.25     95 
102.25   96.5  92.75   88.5   86.5     91  96.75  100.5 101.25 101.75    101  97.25   91.5  86.75   86.5  88.75  86.25  89.25  92.25  91.25  90.75  88.75     90     92   90.5     96   96.5   96.5     94  94.25    102 103.25    103 102.25   97.5   93.5  93.25     88  90.25  87.75   88.5     92  94.75 
 102.5   95.5     88   82.5  82.75   87.5  95.25  99.25 102.75 103.75 104.75    102  97.25   89.5   87.5  86.75  85.25     90     91     92  89.75   87.5     93     92   89.5     93   94.5  95.25  93.25     89     92    100  99.75  97.75   88.5   91.5     90  90.75  91.25  91.25   92.5     95   94.5 
  98.5     91  85.75  80.75     80   86.5   92.5  98.25  101.5    105 105.25  101.5  98.75     94  89.25   85.5  85.75   90.5     89     90  89.75  86.25   88.5     89   85.5   87.5   86.5   90.5     89  87.75  90.25  96.75     99  92.75     90  90.75   93.5  91.75     92  92.25     96  95.25  93.25 
 91.75  86.75   85.5   81.5   80.5  84.25  90.75  91.75   96.5  99.25   99.5  97.75  95.75   92.5   91.5     91  86.25  89.25  90.75  89.75     91     89   87.5  87.75     86     84   82.5     84   87.5  88.25     91   95.5     94   94.5  89.25  93.75  91.25  90.75     89   92.5     95   97.5     95 
  84.5  82.75     84     83  82.25     85   85.5  85.75   86.5   88.5     90     88  88.75     87   88.5     88     85   88.5  88.75  90.75     91     89     90  86.75  82.75  82.25     76   78.5  82.25     88   91.5  94.25     96     96  94.25  94.75     93  89.75     88  89.25  93.25  97.25  97.75 
  82.5     85   86.5   86.5  88.25  88.25  85.75   81.5  77.75     78     80     82  83.25     84     80  82.25   85.5     91   88.5     90   91.5     89  88.25  85.25  79.75  77.75   74.5  73.75     79  85.75   90.5  95.75  97.25  95.75     95  96.75   95.5     92  89.75     92   94.5     98 100.75 
  79.5  81.25   85.5     88   86.5  87.25  81.25     73     70     68  70.75     74  80.25  78.25   75.5     78  83.75     89     91  88.75  90.75     92     88  84.25   79.5   77.5   73.5  77.75     81  82.75  87.75     96   98.5  97.75     96  97.25  93.75  94.75  92.75   95.5  99.25  98.25  100.5 
    79  81.75  87.75     93  92.25  88.75  84.75  73.25   67.5  66.75   67.5   72.5     75  78.75  79.25   81.5     86     93   91.5     93   89.5     87  85.25     80   76.5  75.25   75.5     79   80.5     82     85     93     99   99.5  98.25   96.5  96.25   95.5   96.5   99.5 103.25    105 105.75 
 77.75   85.5   89.5   93.5  97.25  92.75  86.75   79.5   72.5  67.75  68.75     70  74.75   78.5   82.5   83.5   90.5   93.5  93.75     93  86.25   79.5  78.75  78.75   73.5     76  77.75  78.25   76.5  78.75     83  88.25   94.5  98.75   99.5 101.25   98.5  98.75  96.75 100.75  104.5  107.5 109.75 
    79     84   91.5     94   96.5     95  89.25  81.25   80.5  75.25  72.25     75   80.5     87  88.75     93  96.25  98.75     99  93.25  81.25   76.5   75.5  75.25  79.25   81.5     82     80   77.5   76.5     82     86  90.25     95    103 102.75 101.75    101    102    101 106.25  107.5    110 
  82.5   86.5   92.5  98.75     98   96.5  93.75  86.25  81.75  80.25  78.25  78.75   82.5   90.5  94.75  98.25 103.75 106.75    101     93  80.25   74.5   71.5     72  76.25   85.5   84.5     80  76.75     79   84.5     89  91.75   99.5    106  108.5  106.5    105    104 104.75 104.75 107.25 108.25 
    82   91.5   96.5     98    101   99.5     96  90.75  85.25   81.5  81.75     82  83.25   90.5     97  102.5 109.25  109.5 102.25     94   83.5     76     70     72  74.75   82.5  86.25     83     79  81.75  87.75   91.5  97.75 103.25 109.75  108.5 108.75 106.75 105.75    104    106  103.5    107 
 82.25     90   95.5  97.25     97     96   93.5  90.25     87  83.25     82  85.25  86.25     91  95.75 104.25 108.75  106.5 100.25  99.25   87.5  81.25  78.25  76.25  76.25  81.25  85.75  87.75     85  83.75     89   95.5   97.5 102.75 107.25    104 102.75 102.75 101.75  99.25  100.5    100   99.5 
    90  94.75    101    102  100.5  96.25     96     91   87.5     86   84.5   84.5  86.25   85.5  91.75   96.5  100.5 101.25 101.75 100.25  94.25  89.25     87   85.5  79.25     82  83.75   85.5  85.25  87.25  90.75     95  96.25    100    102    101  99.75  98.75  99.25   99.5     98   96.5  99.75 
 88.75     95   99.5  97.75  98.25  94.75  91.75   89.5  86.25   86.5  87.75   85.5   84.5  85.75     87  89.75  92.25     98   99.5  99.25  95.75     96  93.75     90     85  80.75   80.5  79.25  80.25  85.75   88.5  88.25     90  93.25  96.75  94.75     93     93   93.5  94.75  95.75   94.5   96.5 
    87     91     96     96  96.75   94.5     93     88     86  87.75  91.75  89.75  87.75  83.75  83.75  84.25     89   90.5  91.25  94.75     98   98.5     98   94.5  88.25   85.5  81.25  78.75  80.25  84.25     86     87   84.5  90.25     92   88.5     86  87.25  90.25     91   94.5     95   97.5 
 80.75   88.5  93.25  94.75   94.5  93.75  93.25  90.75  86.25  90.25  95.25  96.25  93.75     88  84.25     85  82.25   82.5   84.5   89.5  96.25     97   97.5  96.75  91.75     88  85.25     82   80.5     83     87  86.25  87.25  87.25  89.75     86   84.5  87.25   85.5     87     90  95.25  101.5 
 76.25     83  91.75  91.75     92     91  92.25  90.25   92.5     96 100.25  104.5    105  96.75     94   88.5  80.25  78.75  83.25     87  90.75   94.5  97.25  98.75  95.75  92.25     89  85.25  82.25  84.25  84.75     86     82  84.75     85  82.75  83.25     84  84.75   84.5   90.5  95.25  103.5 
    79  79.25     85   89.5     92   90.5     92  94.75  95.25  99.75 106.75  109.5 109.75    102  95.25  88.25   84.5  79.25  79.75   85.5     91  92.25 100.75    101  97.25  95.75   91.5  86.25     86  84.25  87.25  86.75  84.75  85.25     86  82.25   81.5  81.25   80.5   84.5  90.25  94.25   97.5 
 85.75  83.25     85   87.5   93.5   93.5   97.5   98.5 102.75  104.5  112.5 113.25 109.25 101.25   95.5     92   87.5     81  80.25  83.75  90.75  97.75    102  104.5  102.5     99   94.5  91.25  88.25     89  88.25  88.75     88   88.5     88     86     82  82.75  84.25     87  91.25     91  94.75 
    91  90.25  87.75  86.25  88.75  92.75  98.25    100 104.25    109  112.5    113 105.25  98.75  99.75     97  90.75  84.75   83.5   86.5  94.25  103.5  109.5 109.75 109.75    106 101.75  96.75  95.25   91.5  92.25     89   85.5   88.5  88.25  84.75   82.5     84  87.75  89.75  88.75  91.75  95.25 
  95.5     93   93.5  91.75  93.75  94.75 102.75 105.75 110.25 108.75    112 107.25    102     96  96.75     95   91.5   86.5   89.5  93.25  101.5  108.5 118.25 119.25 114.25 111.75    107 100.75   95.5  93.75  93.75   90.5  88.75  89.25   92.5  91.75  92.25  93.75   95.5     94     96  95.25  99.75 
    95  91.25  91.75  97.75    100    100 107.25 112.25  111.5 107.75 103.25    104     98  95.25  90.25   87.5  86.75   87.5     93  99.75  105.5    116  124.5  123.5 118.25  110.5 109.25    103   98.5     94   94.5  93.25     91     90   93.5   97.5  97.25     99  96.25  98.25  99.25  99.25   98.5 
  91.5   87.5   90.5  97.75  106.5 108.75    111  107.5 109.75  103.5  100.5  98.75   97.5   90.5   85.5  80.75     80  86.25  95.75 102.75    113 121.75 130.25    128 118.75 112.25 105.25 102.25     98     92   91.5   89.5     89     89  92.75     96     99   96.5  100.5 102.75 103.25  97.25     98 
  91.5     90   91.5   95.5 106.75 111.75 109.75    105    101 101.25  98.25   97.5   91.5     88     81   79.5  78.25   84.5  96.75  111.5 120.25    127 131.75  129.5 119.75 111.25  106.5 102.25   99.5  95.25  95.25     96  92.75   93.5  94.25   99.5   99.5 103.75 104.75  108.5 105.75    102  100.5 
 90.75   90.5   90.5     95  97.25  99.25 103.75 100.25 101.75  99.25  99.75     97   90.5     84  82.75   78.5     77     83   97.5    114  123.5 127.25  129.5 127.75 119.25 110.25 104.75    101  97.25   98.5  99.25  97.75  93.25  91.75   97.5     99 102.25 106.75 109.25  111.5 111.75 108.75 102.75 
  94.5     93   93.5  93.25  89.25   89.5   97.5  102.5 102.25 101.75   98.5  97.75   90.5  85.25  78.75  77.25  77.25  87.75 101.75    115    123  127.5 126.25    122    113    108  100.5  97.25  97.25 101.25    101   98.5  93.25  93.25  93.25     99  98.25 104.75 105.75    109    111  107.5    102 
  96.5  94.25  91.75   87.5  83.25     84  90.25  94.75  99.75   99.5  97.25   93.5  91.25   81.5  77.25  76.25  80.25   91.5  104.5  116.5    124    124  122.5 116.75    110    104 101.25     97    100  100.5   98.5  94.25     94  91.25  91.75     94  97.75 102.25 108.75 110.75    108 103.75  99.25 
 94.75  90.75  84.25  81.75  80.25  81.75  85.75  87.25     92     94  91.25  90.25     83  77.25  75.25     79  85.25     94 107.25  119.5 126.25 122.75 117.75 115.75 106.75 102.25    102    106  101.5 101.75  95.75   95.5  88.75   88.5  87.25  90.25  92.25 103.25 107.75 113.25 107.75    100  93.25 
    89  81.25   76.5   74.5   75.5  79.75  83.75  85.75   85.5  90.25     94  86.75   81.5  77.25  77.25   81.5   88.5   97.5 108.25  118.5    122  119.5  115.5    110    104    100  103.5  105.5 105.25    100  98.75   93.5   88.5  82.25  83.75   91.5  96.25 105.25 112.25 113.75 112.25    101     89 
 84.25  77.75  73.75     70  70.25     76  83.75     86  85.75   90.5   90.5  85.25  80.75   79.5   81.5   85.5   90.5  102.5    113  117.5 120.75 119.75    115  108.5  103.5 104.75 103.25 106.75 105.75 106.25    100  97.75  88.25     85     85  93.25     99 106.25 109.75    113 108.25   99.5     85 
 84.75   79.5   75.5     72   70.5   73.5     82     86  89.25  87.75  86.25  84.25   82.5   80.5  85.75  87.25     95    105  111.5    117  118.5  116.5  113.5 110.25 105.25  103.5  103.5    103 103.25 103.75   98.5   90.5   85.5  83.75  87.25     89     93  100.5 104.25  103.5  98.25     89     83 
  88.5  80.75   75.5  74.75     70  72.75   79.5     84  85.25  85.75   85.5  83.25  83.75  86.75     91  94.25  101.5 105.75 112.25 116.25  116.5 114.25 111.75    109    106 104.25  103.5  102.5   99.5    100  93.25  89.75  85.75     89  90.75     91  90.25  98.25  101.5   98.5     91     85  81.75 
  88.5  78.25  74.25     73     74     76  82.25   79.5     82  86.75     90   88.5   88.5     93    100 103.25 104.75 106.75    110    111  111.5 111.25  108.5    107 107.25 109.25 105.75 101.75  96.75     93   88.5  85.25     86     90   95.5  94.75     97  98.25  96.75   94.5   89.5   81.5   78.5 
 87.25  85.25  74.25  74.75   78.5   83.5  83.25   83.5  80.75  84.75  90.25   94.5  97.75 103.25 111.25 112.25 114.25  112.5 112.75 110.25  106.5 104.25 103.75 103.25    106    107  109.5 104.75   98.5  93.75     87  86.75   85.5  90.25  97.25  103.5 102.75  100.5  96.25  95.75  91.75  83.75  75.25 
 88.25   83.5     79   77.5  81.25  82.75   84.5     80     77  78.25  82.25  90.25 100.25 110.75 115.25 118.25 119.75    117    114 107.25    100  96.75  97.25 100.25  101.5 106.25 110.25  110.5 104.75     98  92.25   88.5   85.5   89.5 101.75    108  107.5    106 104.75    102  93.75  82.75     75 
    85  86.25     83  88.75  85.75  88.25   87.5  82.75  77.75   77.5  77.25  83.75     96 106.75    117    119 120.25 116.75  111.5 102.25     95     92  92.75  91.75   98.5    104 110.75 111.75 107.25 102.25     96  87.75     83   90.5    102 108.75  113.5 117.25  117.5  110.5  96.25   84.5   77.5 
  86.5     87  88.75   90.5   94.5   90.5   88.5   84.5  79.25   75.5   77.5   82.5  91.25 104.75 113.75  119.5 118.75    112 106.25     98     89  85.75   85.5  88.25  92.25 101.75    111  111.5    107  105.5  97.75  88.75  85.25     90  100.5  111.5 120.75 128.75    125    114  99.25  86.75     83 
    90   93.5   89.5  99.25  97.75  95.75  89.75   87.5  82.25  79.25   81.5  86.25   94.5 104.25    114  117.5    117  107.5  105.5  97.25   88.5     81     82  87.75   94.5  101.5 110.75  111.5 112.25 107.25  100.5   94.5     87     88  99.75 112.75  121.5    127    123 112.75    101     92     86 
    96  99.25     99    104  106.5   99.5  95.25  88.25   81.5   80.5     84  90.25   97.5    104    109    113  110.5    106 102.75  95.25  88.25  80.25  81.75     86     95 100.25 104.25    111 109.75  105.5 101.75  93.25   84.5     85  93.75 103.75    112    114  112.5 109.25    101  95.75  91.25 
    96    104    104 106.75 105.25 104.25  92.75   87.5  79.75  79.75     84   87.5  97.75    102 103.25 106.75    106  101.5  99.25   90.5     85  81.25   80.5  85.75  90.25     96    104  105.5    106 104.25 100.75     93   86.5  87.75   92.5    101 103.25    105  106.5    107 102.75  96.75  98.25 

Executed program succesfully.
OpenCl Execution time is: 0.024 milliseconds 
Press enter to continue:
OpenCL convolution kernel
Run 2
Input Signal
9 5 9 2 7 3 5 3 0 2 3 8 2 3 8 5 7 2 9 9 5 9 9 9 9 8 1 1 3 6 8 4 3 7 6 0 3 4 5 5 6 8 3 1 3 3 8 0 6 
7 0 1 7 1 2 6 1 4 7 6 2 7 1 5 4 9 5 9 3 2 5 2 2 0 3 5 4 1 6 0 8 8 3 7 9 6 5 2 2 4 0 4 1 1 9 8 3 6 
9 6 8 6 0 0 7 3 5 3 6 1 3 5 9 8 4 0 4 2 4 8 6 5 2 0 8 3 0 1 9 9 0 9 6 0 9 5 6 7 8 2 0 3 9 2 1 6 2 
8 8 9 6 6 4 1 8 4 4 8 8 6 0 0 5 8 2 7 3 8 4 3 3 4 8 4 6 9 0 1 9 8 0 8 7 6 1 5 2 5 6 0 3 6 0 9 6 5 
8 9 3 2 4 8 8 2 3 7 3 3 0 3 4 2 3 3 0 4 8 2 1 6 5 5 4 7 6 0 2 4 1 8 6 5 6 6 7 1 5 1 5 5 6 1 7 9 4 
7 3 4 2 6 3 7 1 7 4 7 8 7 3 9 5 1 7 3 8 4 5 3 7 2 1 5 3 8 6 9 8 1 5 0 8 8 7 1 6 3 9 6 2 2 7 7 4 4 
3 4 1 8 9 0 0 0 6 5 1 4 4 9 6 9 1 4 0 0 5 6 3 6 2 6 1 9 5 7 6 8 3 7 8 2 7 0 5 5 5 6 0 1 7 6 3 8 2 
3 0 9 9 3 6 3 1 9 4 9 6 0 9 1 9 8 3 7 8 8 2 4 6 4 7 3 0 0 1 2 3 1 4 4 7 0 7 0 1 4 9 9 6 1 0 6 9 3 
5 9 4 7 5 0 2 3 4 4 3 7 9 7 1 3 1 0 5 1 2 6 5 4 5 1 5 5 9 4 0 4 5 4 4 1 7 8 4 1 2 9 0 3 8 3 6 0 3 
3 3 6 9 0 0 6 3 5 1 3 1 4 7 8 8 3 9 7 1 5 0 6 5 1 9 3 4 8 5 0 1 8 8 3 0 0 9 4 7 1 7 0 7 6 8 5 0 8 
5 1 3 5 7 0 8 9 6 5 7 1 5 0 2 5 3 4 5 3 8 2 6 5 2 3 4 0 0 6 0 5 7 6 1 7 6 9 6 2 4 5 6 1 5 0 6 9 4 
1 2 5 5 0 2 7 3 6 0 3 2 0 1 2 6 2 1 5 3 7 9 0 4 7 1 9 7 8 0 4 1 4 9 7 4 1 6 7 0 6 3 2 7 4 6 5 8 7 
0 1 6 0 1 0 7 5 2 7 3 2 3 6 7 2 3 1 5 0 1 5 8 6 0 7 2 6 3 0 6 5 3 2 7 7 5 7 2 7 4 7 1 9 3 0 3 9 4 
8 9 5 6 9 3 6 7 5 4 0 7 0 5 0 3 5 7 0 2 1 7 6 8 0 7 2 1 0 1 5 8 2 2 4 1 5 2 8 0 7 0 9 7 8 9 2 3 9 
2 5 0 1 3 9 2 0 3 5 0 4 0 0 8 2 5 1 7 9 0 9 6 2 0 6 0 9 8 3 0 3 0 1 6 3 2 8 5 5 5 5 1 5 6 9 7 3 0 
6 2 2 7 1 5 7 7 7 9 7 3 9 0 3 0 7 9 2 7 4 9 3 2 0 0 0 9 8 3 2 6 7 4 6 8 1 3 7 9 4 5 2 4 7 7 6 6 6 
1 4 1 0 9 5 1 9 5 2 9 0 4 8 7 1 4 8 2 9 7 1 6 2 5 0 0 3 8 6 1 1 2 2 2 3 9 5 5 4 7 6 4 4 4 4 5 0 4 
7 2 1 1 8 6 6 0 6 1 8 4 3 2 9 7 4 2 7 9 7 1 8 6 8 2 0 4 7 3 8 7 5 1 8 3 7 4 5 5 6 5 2 9 7 1 6 1 5 
5 2 5 7 3 1 7 7 1 1 5 6 1 2 1 4 2 6 2 6 1 9 4 9 1 5 6 2 4 0 0 9 4 5 8 7 6 5 5 9 8 2 6 1 6 7 6 8 6 
0 6 9 1 1 8 3 8 7 7 2 7 7 4 3 2 2 3 8 0 8 8 0 2 6 4 0 5 0 8 1 2 6 3 3 9 3 6 8 0 6 2 9 3 6 3 8 1 6 
8 3 6 8 5 0 4 9 0 0 1 0 3 3 6 6 7 6 0 5 6 2 3 8 2 9 7 7 7 0 3 7 5 1 6 0 1 0 0 3 0 3 3 4 7 1 0 6 9 
2 3 7 5 9 8 7 8 5 4 7 7 9 4 2 2 0 2 3 1 4 8 3 8 3 9 7 4 2 5 6 4 0 3 1 9 1 8 7 8 4 4 7 5 1 9 7 1 4 
2 4 0 0 0 0 3 9 9 0 1 4 8 8 5 3 9 6 5 0 4 5 6 0 5 2 1 6 1 5 2 4 1 3 6 1 5 2 1 7 2 4 1 2 2 8 5 4 7 
2 4 1 0 0 3 5 4 7 1 6 2 4 2 5 9 8 7 4 0 0 3 4 4 5 6 9 5 2 3 4 4 7 5 4 9 1 1 4 8 3 2 2 9 4 7 8 2 4 
4 5 6 8 1 1 5 8 2 2 2 5 7 8 4 4 5 3 5 6 9 3 1 1 7 0 7 5 8 2 9 5 7 6 3 8 9 8 8 1 2 2 8 9 1 2 4 8 7 
9 6 9 5 8 0 2 0 8 7 1 0 9 6 9 7 1 9 8 1 8 1 3 2 9 3 3 3 9 3 2 8 0 1 5 0 4 0 0 4 9 3 6 0 9 5 9 0 6 
7 1 6 0 7 9 9 0 4 4 9 8 9 9 0 0 7 0 4 7 2 0 6 6 6 9 7 3 8 0 0 6 3 6 6 0 7 8 0 2 4 1 2 3 1 2 6 0 4 
2 7 8 3 5 6 9 4 4 5 5 6 5 1 9 3 9 0 1 9 2 5 6 4 7 9 7 9 5 7 5 8 6 3 3 1 0 4 8 6 9 3 2 6 6 1 2 7 3 
5 7 6 0 3 0 7 4 9 8 2 6 5 2 2 8 5 5 0 9 5 8 1 8 2 7 6 6 9 4 9 4 3 5 4 8 7 3 4 6 3 6 4 8 8 8 7 3 4 
9 5 1 0 6 0 2 3 8 8 5 4 8 1 7 5 6 7 5 1 2 1 5 8 8 3 9 6 2 2 2 4 7 4 4 5 6 6 9 4 7 6 9 5 7 8 2 5 8 
7 7 2 1 4 2 9 9 1 7 2 6 0 8 5 4 2 1 0 0 2 6 7 8 7 4 5 8 7 1 6 6 8 8 7 4 0 8 3 4 6 5 0 6 5 5 0 7 6 
2 0 8 8 7 6 6 2 2 4 9 5 2 7 3 2 5 7 4 3 0 8 1 8 8 7 5 6 9 3 2 1 3 3 2 2 1 0 4 5 6 5 0 8 3 5 2 0 4 
6 5 7 5 7 7 5 4 2 1 6 5 6 7 0 9 1 5 2 1 9 8 7 7 8 7 2 6 9 2 0 6 9 7 3 6 4 8 3 7 0 9 4 8 8 7 9 0 2 
1 3 3 9 3 0 0 0 4 8 2 8 8 0 8 6 3 4 2 1 7 1 3 8 6 3 9 5 2 9 7 4 4 2 5 7 5 7 0 9 5 2 8 6 2 6 4 5 2 
6 8 2 8 4 0 6 9 9 1 2 0 8 8 7 2 3 4 7 3 6 7 8 8 5 6 2 3 0 9 5 9 0 9 7 6 0 3 5 1 6 7 2 6 5 1 8 1 5 
6 4 2 3 4 2 0 1 5 5 1 4 2 0 4 2 9 0 2 4 8 5 0 5 9 8 3 0 7 4 6 3 8 0 8 2 4 0 5 9 7 7 6 9 9 2 1 1 5 
5 5 3 1 8 0 0 6 3 3 5 7 1 0 5 1 0 0 5 2 5 7 9 4 5 9 6 7 0 7 4 8 4 9 1 4 0 3 3 3 6 8 1 7 1 8 0 1 0 
8 4 8 5 3 2 2 4 0 1 7 9 6 5 4 5 6 0 5 9 3 1 6 4 4 5 5 4 6 8 5 4 4 3 1 8 7 3 2 0 6 9 9 2 6 5 0 2 6 
5 4 9 8 2 5 2 7 0 7 5 1 4 9 5 9 2 3 8 7 8 8 4 9 8 8 6 3 8 0 9 4 6 1 2 8 6 7 6 9 4 1 0 0 3 5 9 7 1 
7 5 1 6 9 0 6 7 8 1 6 1 1 2 7 4 6 6 2 5 4 1 9 7 1 9 0 9 0 8 0 8 5 1 6 6 3 2 3 2 3 1 3 6 5 0 0 4 8 
3 9 2 6 1 0 0 2 2 9 3 2 1 1 7 4 7 3 7 9 9 1 4 2 4 1 8 7 3 4 7 8 3 0 5 6 2 7 9 6 6 2 9 7 3 6 3 2 2 
0 3 1 2 7 3 8 0 3 7 4 7 5 2 3 7 9 9 1 6 8 7 4 0 6 3 5 5 6 7 7 7 2 0 1 0 3 9 0 9 9 6 8 4 1 1 3 0 3 
4 9 3 1 3 6 0 9 1 5 5 1 4 4 3 4 5 5 9 7 8 8 6 4 7 0 5 0 3 8 3 9 9 9 2 4 5 2 3 8 9 9 9 3 5 5 7 1 2 
7 8 0 7 4 5 4 6 2 5 1 2 0 0 1 1 4 6 6 7 1 5 6 2 6 2 8 3 9 1 6 8 9 6 8 5 3 2 3 8 9 4 0 2 6 4 3 0 2 
0 9 3 7 6 6 5 8 6 9 9 7 7 0 8 5 8 3 1 2 6 9 2 2 1 6 0 5 9 0 9 1 2 3 0 8 1 6 8 9 7 9 6 4 9 4 1 9 9 
2 2 5 1 6 9 5 2 9 0 3 1 2 7 3 5 9 3 8 7 3 7 4 3 5 0 4 9 4 4 0 6 8 7 0 4 6 5 8 7 7 3 0 9 0 4 6 2 9 
4 9 3 3 6 6 0 8 2 9 2 6 1 9 4 8 9 0 6 4 8 3 3 4 4 3 4 0 9 8 9 6 8 2 9 4 0 0 2 3 1 7 1 5 6 8 3 7 0 
0 3 1 5 6 5 9 9 1 1 9 0 1 7 0 5 8 4 8 0 8 3 4 5 4 9 3 4 2 0 5 4 3 8 2 0 3 1 1 4 5 0 6 6 9 6 3 8 2 
1 8 3 6 2 8 3 1 4 7 6 4 4 0 0 2 4 2 7 8 3 4 3 6 0 1 5 7 4 3 1 8 4 4 4 6 5 7 8 9 7 4 5 1 6 5 6 1 9 
Output Signal
 99.75  90.25  86.25   85.5   89.5   91.5     93   93.5  95.25  95.25  92.75  92.25  93.25  94.75   93.5  93.25     93  95.75  95.25   91.5  88.25     89  90.75     91  91.25  95.75  93.75  97.25  103.5 107.75    112 112.25 109.75  107.5 104.75  99.75     93     82  80.75  78.25  84.25     88   90.5 
 99.25   90.5  92.25     91  88.75     92     96  97.25    100   98.5  98.75     93   92.5  91.25  90.25  89.75  89.75  91.25  89.75     88   87.5   86.5     88     89  90.25   97.5     97  94.75  98.25  103.5  107.5  109.5 106.75 106.25 102.25  99.25     91   85.5  82.75     85  86.25  89.25     95 
102.25   96.5  92.75   88.5   86.5     91  96.75  100.5 101.25 101.75    101  97.25   91.5  86.75   86.5  88.75  86.25  89.25  92.25  91.25  90.75  88.75     90     92   90.5     96   96.5   96.5     94  94.25    102 103.25    103 102.25   97.5   93.5  93.25     88  90.25  87.75   88.5     92  94.75 
 102.5   95.5     88   82.5  82.75   87.5  95.25  99.25 102.75 103.75 104.75    102  97.25   89.5   87.5  86.75  85.25     90     91     92  89.75   87.5     93     92   89.5     93   94.5  95.25  93.25     89     92    100  99.75  97.75   88.5   91.5     90  90.75  91.25  91.25   92.5     95   94.5 
  98.5     91  85.75  80.75     80   86.5   92.5  98.25  101.5    105 105.25  101.5  98.75     94  89.25   85.5  85.75   90.5     89     90  89.75  86.25   88.5     89   85.5   87.5   86.5   90.5     89  87.75  90.25  96.75     99  92.75     90  90.75   93.5  91.75     92  92.25     96  95.25  93.25 
 91.75  86.75   85.5   81.5   80.5  84.25  90.75  91.75   96.5  99.25   99.5  97.75  95.75   92.5   91.5     91  86.25  89.25  90.75  89.75     91     89   87.5  87.75     86     84   82.5     84   87.5  88.25     91   95.5     94   94.5  89.25  93.75  91.25  90.75     89   92.5     95   97.5     95 
  84.5  82.75     84     83  82.25     85   85.5  85.75   86.5   88.5     90     88  88.75     87   88.5     88     85   88.5  88.75  90.75     91     89     90  86.75  82.75  82.25     76   78.5  82.25     88   91.5  94.25     96     96  94.25  94.75     93  89.75     88  89.25  93.25  97.25  97.75 
  82.5     85   86.5   86.5  88.25  88.25  85.75   81.5  77.75     78     80     82  83.25     84     80  82.25   85.5     91   88.5     90   91.5     89  88.25  85.25  79.75  77.75   74.5  73.75     79  85.75   90.5  95.75  97.25  95.75     95  96.75   95.5     92  89.75     92   94.5     98 100.75 
  79.5  81.25   85.5     88   86.5  87.25  81.25     73     70     68  70.75     74  80.25  78.25   75.5     78  83.75     89     91  88.75  90.75     92     88  84.25   79.5   77.5   73.5  77.75     81  82.75  87.75     96   98.5  97.75     96  97.25  93.75  94.75  92.75   95.5  99.25  98.25  100.5 
    79  81.75  87.75     93  92.25  88.75  84.75  73.25   67.5  66.75   67.5   72.5     75  78.75  79.25   81.5     86     93   91.5     93   89.5     87  85.25     80   76.5  75.25   75.5     79   80.5     82     85     93     99   99.5  98.25   96.5  96.25   95.5   96.5   99.5 103.25    105 105.75 
 77.75   85.5   89.5   93.5  97.25  92.75  86.75   79.5   72.5  67.75  68.75     70  74.75   78.5   82.5   83.5   90.5   93.5  93.75     93  86.25   79.5  78.75  78.75   73.5     76  77.75  78.25   76.5  78.75     83  88.25   94.5  98.75   99.5 101.25   98.5  98.75  96.75 100.75  104.5  107.5 109.75 
    79     84   91.5     94   96.5     95  89.25  81.25   80.5  75.25  72.25     75   80.5     87  88.75     93  96.25  98.75     99  93.25  81.25   76.5   75.5  75.25  79.25   81.5     82     80   77.5   76.5     82     86  90.25     95    103 102.75 101.75    101    102    101 106.25  107.5    110 
  82.5   86.5   92.5  98.75     98   96.5  93.75  86.25  81.75  80.25  78.25  78.75   82.5   90.5  94.75  98.25 103.75 106.75    101     93  80.25   74.5   71.5     72  76.25   85.5   84.5     80  76.75     79   84.5     89  91.75   99.5    106  108.5  106.5    105    104 104.75 104.75 107.25 108.25 
    82   91.5   96.5     98    101   99.5     96  90.75  85.25   81.5  81.75     82  83.25   90.5     97  102.5 109.25  109.5 102.25     94   83.5     76     70     72  74.75   82.5  86.25     83     79  81.75  87.75   91.5  97.75 103.25 109.75  108.5 108.75 106.75 105.75    104    106  103.5    107 
 82.25     90   95.5  97.25     97     96   93.5  90.25     87  83.25     82  85.25  86.25     91  95.75 104.25 108.75  106.5 100.25  99.25   87.5  81.25  78.25  76.25  76.25  81.25  85.75  87.75     85  83.75     89   95.5   97.5 102.75 107.25    104 102.75 102.75 101.75  99.25  100.5    100   99.5 
    90  94.75    101    102  100.5  96.25     96     91   87.5     86   84.5   84.5  86.25   85.5  91.75   96.5  100.5 101.25 101.75 100.25  94.25  89.25     87   85.5  79.25     82  83.75   85.5  85.25  87.25  90.75     95  96.25    100    102    101  99.75  98.75  99.25   99.5     98   96.5  99.75 
 88.75     95   99.5  97.75  98.25  94.75  91.75   89.5  86.25   86.5  87.75   85.5   84.5  85.75     87  89.75  92.25     98   99.5  99.25  95.75     96  93.75     90     85  80.75   80.5  79.25  80.25  85.75   88.5  88.25     90  93.25  96.75  94.75     93     93   93.5  94.75  95.75   94.5   96.5 
    87     91     96     96  96.75   94.5     93     88     86  87.75  91.75  89.75  87.75  83.75  83.75  84.25     89   90.5  91.25  94.75     98   98.5     98   94.5  88.25   85.5  81.25  78.75  80.25  84.25     86     87   84.5  90.25     92   88.5     86  87.25  90.25     91   94.5     95   97.5 
 80.75   88.5  93.25  94.75   94.5  93.75  93.25  90.75  86.25  90.25  95.25  96.25  93.75     88  84.25     85  82.25   82.5   84.5   89.5  96.25     97   97.5  96.75  91.75     88  85.25     82   80.5     83     87  86.25  87.25  87.25  89.75     86   84.5  87.25   85.5     87     90  95.25  101.5 
 76.25     83  91.75  91.75     92     91  92.25  90.25   92.5     96 100.25  104.5    105  96.75     94   88.5  80.25  78.75  83.25     87  90.75   94.5  97.25  98.75  95.75  92.25     89  85.25  82.25  84.25  84.75     86     82  84.75     85  82.75  83.25     84  84.75   84.5   90.5  95.25  103.5 
    79  79.25     85   89.5     92   90.5     92  94.75  95.25  99.75 106.75  109.5 109.75    102  95.25  88.25   84.5  79.25  79.75   85.5     91  92.25 100.75    101  97.25  95.75   91.5  86.25     86  84.25  87.25  86.75  84.75  85.25     86  82.25   81.5  81.25   80.5   84.5  90.25  94.25   97.5 
 85.75  83.25     85   87.5   93.5   93.5   97.5   98.5 102.75  104.5  112.5 113.25 109.25 101.25   95.5     92   87.5     81  80.25  83.75  90.75  97.75    102  104.5  102.5     99   94.5  91.25  88.25     89  88.25  88.75     88   88.5     88     86     82  82.75  84.25     87  91.25     91  94.75 
    91  90.25  87.75  86.25  88.75  92.75  98.25    100 104.25    109  112.5    113 105.25  98.75  99.75     97  90.75  84.75   83.5   86.5  94.25  103.5  109.5 109.75 109.75    106 101.75  96.75  95.25   91.5  92.25     89   85.5   88.5  88.25  84.75   82.5     84  87.75  89.75  88.75  91.75  95.25 
  95.5     93   93.5  91.75  93.75  94.75 102.75 105.75 110.25 108.75    112 107.25    102     96  96.75     95   91.5   86.5   89.5  93.25  101.5  108.5 118.25 119.25 114.25 111.75    107 100.75   95.5  93.75  93.75   90.5  88.75  89.25   92.5  91.75  92.25  93.75   95.5     94     96  95.25  99.75 
    95  91.25  91.75  97.75    100    100 107.25 112.25  111.5 107.75 103.25    104     98  95.25  90.25   87.5  86.75   87.5     93  99.75  105.5    116  124.5  123.5 118.25  110.5 109.25    103   98.5     94   94.5  93.25     91     90   93.5   97.5  97.25     99  96.25  98.25  99.25  99.25   98.5 
  91.5   87.5   90.5  97.75  106.5 108.75    111  107.5 109.75  103.5  100.5  98.75   97.5   90.5   85.5  80.75     80  86.25  95.75 102.75    113 121.75 130.25    128 118.75 112.25 105.25 102.25     98     92   91.5   89.5     89     89  92.75     96     99   96.5  100.5 102.75 103.25  97.25     98 
  91.5     90   91.5   95.5 106.75 111.75 109.75    105    101 101.25  98.25   97.5   91.5     88     81   79.5  78.25   84.5  96.75  111.5 120.25    127 131.75  129.5 119.75 111.25  106.5 102.25   99.5  95.25  95.25     96  92.75   93.5  94.25   99.5   99.5 103.75 104.75  108.5 105.75    102  100.5 
 90.75   90.5   90.5     95  97.25  99.25 103.75 100.25 101.75  99.25  99.75     97   90.5     84  82.75   78.5     77     83   97.5    114  123.5 127.25  129.5 127.75 119.25 110.25 104.75    101  97.25   98.5  99.25  97.75  93.25  91.75   97.5     99 102.25 106.75 109.25  111.5 111.75 108.75 102.75 
  94.5     93   93.5  93.25  89.25   89.5   97.5  102.5 102.25 101.75   98.5  97.75   90.5  85.25  78.75  77.25  77.25  87.75 101.75    115    123  127.5 126.25    122    113    108  100.5  97.25  97.25 101.25    101   98.5  93.25  93.25  93.25     99  98.25 104.75 105.75    109    111  107.5    102 
  96.5  94.25  91.75   87.5  83.25     84  90.25  94.75  99.75   99.5  97.25   93.5  91.25   81.5  77.25  76.25  80.25   91.5  104.5  116.5    124    124  122.5 116.75    110    104 101.25     97    100  100.5   98.5  94.25     94  91.25  91.75     94  97.75 102.25 108.75 110.75    108 103.75  99.25 
 94.75  90.75  84.25  81.75  80.25  81.75  85.75  87.25     92     94  91.25  90.25     83  77.25  75.25     79  85.25     94 107.25  119.5 126.25 122.75 117.75 115.75 106.75 102.25    102    106  101.5 101.75  95.75   95.5  88.75   88.5  87.25  90.25  92.25 103.25 107.75 113.25 107.75    100  93.25 
    89  81.25   76.5   74.5   75.5  79.75  83.75  85.75   85.5  90.25     94  86.75   81.5  77.25  77.25   81.5   88.5   97.5 108.25  118.5    122  119.5  115.5    110    104    100  103.5  105.5 105.25    100  98.75   93.5   88.5  82.25  83.75   91.5  96.25 105.25 112.25 113.75 112.25    101     89 
 84.25  77.75  73.75     70  70.25     76  83.75     86  85.75   90.5   90.5  85.25  80.75   79.5   81.5   85.5   90.5  102.5    113  117.5 120.75 119.75    115  108.5  103.5 104.75 103.25 106.75 105.75 106.25    100  97.75  88.25     85     85  93.25     99 106.25 109.75    113 108.25   99.5     85 
 84.75   79.5   75.5     72   70.5   73.5     82     86  89.25  87.75  86.25  84.25   82.5   80.5  85.75  87.25     95    105  111.5    117  118.5  116.5  113.5 110.25 105.25  103.5  103.5    103 103.25 103.75   98.5   90.5   85.5  83.75  87.25     89     93  100.5 104.25  103.5  98.25     89     83 
  88.5  80.75   75.5  74.75     70  72.75   79.5     84  85.25  85.75   85.5  83.25  83.75  86.75     91  94.25  101.5 105.75 112.25 116.25  116.5 114.25 111.75    109    106 104.25  103.5  102.5   99.5    100  93.25  89.75  85.75     89  90.75     91  90.25  98.25  101.5   98.5     91     85  81.75 
  88.5  78.25  74.25     73     74     76  82.25   79.5     82  86.75     90   88.5   88.5     93    100 103.25 104.75 106.75    110    111  111.5 111.25  108.5    107 107.25 109.25 105.75 101.75  96.75     93   88.5  85.25     86     90   95.5  94.75     97  98.25  96.75   94.5   89.5   81.5   78.5 
 87.25  85.25  74.25  74.75   78.5   83.5  83.25   83.5  80.75  84.75  90.25   94.5  97.75 103.25 111.25 112.25 114.25  112.5 112.75 110.25  106.5 104.25 103.75 103.25    106    107  109.5 104.75   98.5  93.75     87  86.75   85.5  90.25  97.25  103.5 102.75  100.5  96.25  95.75  91.75  83.75  75.25 
 88.25   83.5     79   77.5  81.25  82.75   84.5     80     77  78.25  82.25  90.25 100.25 110.75 115.25 118.25 119.75    117    114 107.25    100  96.75  97.25 100.25  101.5 106.25 110.25  110.5 104.75     98  92.25   88.5   85.5   89.5 101.75    108  107.5    106 104.75    102  93.75  82.75     75 
    85  86.25     83  88.75  85.75  88.25   87.5  82.75  77.75   77.5  77.25  83.75     96 106.75    117    119 120.25 116.75  111.5 102.25     95     92  92.75  91.75   98.5    104 110.75 111.75 107.25 102.25     96  87.75     83   90.5    102 108.75  113.5 117.25  117.5  110.5  96.25   84.5   77.5 
  86.5     87  88.75   90.5   94.5   90.5   88.5   84.5  79.25   75.5   77.5   82.5  91.25 104.75 113.75  119.5 118.75    112 106.25     98     89  85.75   85.5  88.25  92.25 101.75    111  111.5    107  105.5  97.75  88.75  85.25     90  100.5  111.5 120.75 128.75    125    114  99.25  86.75     83 
    90   93.5   89.5  99.25  97.75  95.75  89.75   87.5  82.25  79.25   81.5  86.25   94.5 104.25    114  117.5    117  107.5  105.5  97.25   88.5     81     82  87.75   94.5  101.5 110.75  111.5 112.25 107.25  100.5   94.5     87     88  99.75 112.75  121.5    127    123 112.75    101     92     86 
    96  99.25     99    104  106.5   99.5  95.25  88.25   81.5   80.5     84  90.25   97.5    104    109    113  110.5    106 102.75  95.25  88.25  80.25  81.75     86     95 100.25 104.25    111 109.75  105.5 101.75  93.25   84.5     85  93.75 103.75    112    114  112.5 109.25    101  95.75  91.25 
    96    104    104 106.75 105.25 104.25  92.75   87.5  79.75  79.75     84   87.5  97.75    102 103.25 106.75    106  101.5  99.25   90.5     85  81.25   80.5  85.75  90.25     96    104  105.5    106 104.25 100.75     93   86.5  87.75   92.5    101 103.25    105  106.5    107 102.75  96.75  98.25 

Executed program succesfully.
OpenCl Execution time is: 0.026 milliseconds 
Press enter to continue:
OpenCL convolution kernel
Run 3
Input Signal
8 3 9 6 5 2 9 8 9 1 6 5 5 4 8 7 0 9 8 0 3 4 0 5 5 9 7 9 5 8 9 3 1 8 0 6 1 1 7 2 2 5 7 8 1 5 7 1 6 
5 2 9 0 2 4 7 3 3 7 8 1 8 4 4 6 4 3 9 7 2 1 9 9 0 9 0 6 6 3 4 2 7 4 4 9 0 1 5 6 0 3 7 8 7 4 7 3 7 
8 0 1 2 2 0 2 3 0 0 2 5 5 4 3 9 0 2 1 1 9 7 4 5 7 2 4 1 1 8 0 0 0 1 2 4 1 6 8 3 7 0 8 2 6 1 3 8 6 
4 9 5 4 5 0 1 0 5 2 1 5 4 3 7 5 7 2 8 4 2 1 1 4 1 5 2 3 8 0 1 4 1 6 8 7 9 9 7 6 3 0 3 7 4 0 2 3 4 
2 7 8 3 0 2 5 7 6 0 5 6 1 2 8 9 0 5 8 2 4 6 7 4 9 5 0 2 9 4 8 2 3 7 7 6 1 4 3 8 6 1 4 7 3 4 7 5 1 
7 9 5 4 7 2 5 4 2 9 3 6 8 7 2 7 7 8 8 1 1 8 0 4 5 7 9 9 6 5 1 6 6 8 2 5 0 7 9 3 9 5 1 7 2 3 4 1 3 
4 5 7 5 5 1 0 4 1 1 1 8 2 7 6 3 1 2 3 0 1 8 9 8 0 6 3 5 2 4 1 7 9 8 4 6 1 4 1 4 5 2 4 0 1 1 3 2 3 
8 2 6 7 2 5 9 0 8 4 3 4 7 2 4 5 6 0 9 2 1 3 7 5 8 9 8 9 4 2 4 3 7 2 0 1 7 9 1 7 5 6 2 5 0 8 2 6 0 
1 8 4 7 8 1 5 9 0 6 4 2 2 7 1 4 9 2 2 0 6 1 7 2 3 2 3 3 5 1 4 8 2 0 5 2 1 0 1 1 8 7 6 0 4 7 5 5 2 
9 5 8 0 5 2 6 7 5 1 4 9 5 3 1 5 8 5 9 1 6 0 1 4 8 2 0 8 9 8 0 0 5 0 0 0 2 8 0 0 0 4 9 7 9 2 5 0 7 
4 3 5 6 4 9 5 8 2 5 7 2 7 7 7 7 0 8 9 0 0 9 0 6 8 0 6 0 7 8 9 1 1 5 9 5 6 6 4 0 1 1 2 8 1 0 5 1 0 
7 1 0 6 4 6 7 6 4 9 3 2 9 4 3 4 5 9 2 2 5 3 3 6 5 4 9 7 1 0 7 8 4 7 5 0 6 4 6 0 3 9 3 4 5 6 0 0 7 
3 4 2 8 0 1 3 4 0 1 5 3 0 6 9 8 3 9 6 7 7 6 0 8 9 7 3 8 7 5 7 0 2 0 8 2 1 4 6 3 7 3 6 7 9 5 7 2 6 
3 1 3 0 4 1 1 1 6 1 8 4 9 1 6 1 1 0 2 7 6 7 4 1 6 4 3 3 1 7 0 7 9 5 9 3 9 2 6 7 4 4 1 5 7 9 6 9 9 
0 6 7 7 3 1 3 7 4 7 0 3 9 7 2 4 6 7 5 1 3 3 5 0 6 0 7 6 8 8 5 8 7 5 7 0 6 3 7 0 0 9 3 1 7 8 7 5 7 
3 6 3 8 3 5 4 5 4 0 3 3 8 3 0 3 1 2 9 4 1 9 6 0 4 9 9 4 6 5 2 1 3 7 9 7 2 4 4 6 4 8 9 2 3 1 7 4 3 
6 0 4 7 8 7 2 9 6 8 6 3 2 9 7 9 9 6 1 3 0 8 9 0 9 4 4 1 1 0 6 8 3 1 5 3 8 9 3 6 0 1 0 2 0 7 2 9 5 
5 4 7 3 6 8 3 0 4 6 3 6 2 1 1 5 9 5 5 0 8 2 2 9 2 5 1 1 9 1 6 4 7 3 0 3 3 3 3 9 9 7 6 3 0 7 9 1 2 
4 4 2 8 6 3 0 3 5 3 2 8 9 9 5 5 9 9 0 2 4 0 3 3 6 8 6 5 7 9 8 4 3 2 4 0 8 7 5 3 0 8 3 2 9 8 7 8 9 
7 2 6 7 7 1 5 5 7 1 5 7 1 1 2 5 5 4 3 2 0 6 3 0 1 7 9 0 4 7 1 3 9 9 3 6 1 0 3 8 3 8 7 4 9 0 0 7 4 
5 9 6 4 4 6 5 1 5 7 7 4 9 3 5 8 8 3 9 8 7 0 4 7 9 8 7 1 0 6 8 6 5 4 2 2 3 7 5 0 5 5 5 6 0 2 6 8 6 
8 8 3 8 2 2 9 3 1 1 5 7 1 3 3 5 5 7 0 5 4 1 0 9 8 8 1 0 4 9 6 2 0 1 2 4 6 2 9 7 5 7 5 6 0 0 3 8 7 
6 3 1 7 5 3 7 3 4 7 7 6 6 2 8 9 4 4 5 8 4 5 5 3 0 3 5 0 7 3 9 5 8 2 4 5 5 1 0 2 0 0 0 8 2 8 0 8 4 
5 7 0 0 2 3 2 6 9 2 5 4 1 0 5 4 6 0 1 7 1 5 7 1 5 8 5 5 8 3 0 5 0 0 8 5 6 0 1 5 3 8 1 6 0 6 2 6 7 
6 3 0 1 2 3 9 0 8 6 8 1 6 4 2 9 4 9 7 4 0 2 9 0 5 8 0 2 0 6 1 8 9 1 2 3 4 1 4 2 7 4 5 6 0 9 7 4 8 
4 1 0 8 0 0 3 8 0 7 1 6 8 9 7 9 1 1 5 4 7 9 4 3 5 2 6 6 9 0 5 5 1 5 3 4 6 8 2 6 6 5 5 4 7 2 6 8 5 
3 5 2 3 1 8 0 3 4 6 4 6 1 9 0 9 4 4 5 2 8 3 0 4 8 7 1 3 5 1 8 8 8 3 3 9 1 3 2 7 2 6 3 5 7 3 4 1 7 
1 6 8 5 8 4 5 5 5 8 0 8 9 1 7 2 4 8 3 0 1 0 4 9 5 9 9 9 6 0 8 7 8 6 4 7 2 0 4 7 0 7 8 9 8 7 1 4 5 
6 4 8 8 8 8 4 0 7 5 6 9 5 3 0 4 0 9 6 2 3 6 2 0 4 4 0 1 7 5 6 4 1 5 4 2 5 0 2 4 7 0 5 3 5 5 7 5 4 
5 7 0 1 2 2 5 6 3 8 3 0 7 9 3 2 6 5 9 8 9 5 6 1 0 1 7 8 0 4 4 5 2 4 7 6 7 4 4 2 3 7 2 0 9 7 4 7 3 
5 5 4 0 3 6 2 4 3 0 4 7 5 0 1 1 9 9 0 5 3 2 0 1 6 2 2 4 8 9 9 3 6 3 5 0 1 0 4 6 0 1 6 7 3 7 1 2 7 
1 9 0 4 0 3 2 2 7 8 1 8 7 6 5 3 2 7 4 2 3 3 4 4 9 4 7 6 5 1 5 8 1 8 4 1 3 7 5 1 5 6 1 5 3 6 0 7 5 
4 1 9 9 7 3 8 3 3 5 0 4 2 9 5 0 3 8 6 2 4 7 0 2 8 5 5 7 5 4 2 1 5 1 1 3 7 9 6 0 6 7 4 1 8 2 3 1 2 
9 6 6 6 6 9 7 3 6 6 8 1 8 1 8 2 4 1 1 4 0 1 2 9 7 3 7 1 9 0 4 8 6 2 7 4 3 4 7 0 2 5 3 0 9 1 4 3 5 
5 9 7 8 4 6 8 9 5 9 8 7 5 7 6 0 4 0 3 0 8 5 2 5 0 4 4 2 1 8 9 8 9 6 7 3 4 7 3 1 8 1 8 4 0 4 4 4 7 
9 6 5 7 0 0 7 7 5 9 8 5 0 6 4 8 5 8 2 2 3 5 1 4 6 7 5 0 3 1 9 4 0 4 1 0 7 9 7 2 0 5 9 1 4 5 9 9 5 
4 2 8 9 5 3 5 2 0 8 7 1 9 1 1 4 3 4 1 2 1 5 4 9 6 5 3 1 7 2 7 3 6 7 4 3 0 2 7 2 0 4 4 1 8 7 5 1 1 
8 5 5 3 9 4 9 7 7 3 6 1 0 9 0 7 3 3 0 5 3 2 7 7 8 9 7 8 6 8 9 5 5 6 8 7 0 0 4 9 3 2 3 5 1 3 4 6 8 
4 2 1 9 1 1 9 0 8 7 7 9 9 4 4 5 2 1 6 4 7 5 7 9 8 4 0 3 9 7 2 5 1 5 4 2 6 4 5 5 1 4 6 2 8 0 8 2 4 
4 7 1 1 6 1 2 1 3 7 2 2 9 7 3 7 4 8 3 8 3 0 1 7 6 4 7 9 2 9 3 8 6 4 1 5 7 3 8 1 1 0 5 2 7 9 9 3 9 
5 1 2 7 5 1 6 1 8 7 5 9 0 3 6 6 4 3 4 0 1 7 3 1 4 5 0 5 7 4 4 4 7 8 3 4 1 1 5 9 8 0 1 0 5 7 7 2 2 
3 2 3 2 5 6 6 2 8 4 1 2 8 7 2 9 1 6 0 2 4 2 3 6 3 3 2 2 2 6 4 5 0 7 9 7 5 8 9 3 2 3 8 0 0 0 9 3 8 
0 6 4 4 1 1 7 4 5 9 7 1 3 4 1 2 4 8 7 2 9 0 4 2 8 6 3 0 8 8 1 0 4 5 4 7 6 1 2 1 0 1 2 5 7 3 7 1 3 
4 5 3 6 1 5 7 8 0 7 6 9 8 6 5 4 2 3 2 3 7 4 5 0 8 2 7 4 9 9 7 5 6 2 3 8 8 0 6 0 8 4 9 8 2 7 4 4 0 
9 9 9 5 4 9 3 6 6 9 7 7 9 4 4 1 7 2 1 8 0 2 8 6 3 8 8 0 3 2 2 2 1 1 9 7 2 2 5 1 4 2 8 3 8 4 4 5 8 
6 5 0 0 5 6 3 4 4 4 9 8 6 3 1 0 2 8 4 6 3 5 0 7 6 5 5 0 2 3 1 0 0 1 0 6 0 3 2 4 9 3 5 8 6 6 0 0 5 
4 8 0 0 9 8 6 6 5 8 8 0 1 8 1 5 8 9 5 4 3 1 5 6 6 3 4 3 3 6 8 0 4 8 0 5 8 8 2 6 8 0 6 0 9 9 7 9 0 
2 3 3 3 9 1 0 4 5 3 8 1 3 0 6 3 0 3 2 0 5 8 0 6 6 0 5 8 7 6 8 1 0 2 5 1 3 7 5 1 0 5 4 3 5 2 6 7 6 
0 9 1 0 0 7 9 2 4 7 2 1 5 3 3 9 8 4 5 5 9 6 7 7 2 2 2 5 1 2 1 1 1 2 4 1 2 3 4 8 0 6 1 7 1 4 9 2 0 
Output Signal
 83.25   76.5     70  65.75  68.75  73.75  78.75   82.5  88.75  95.25   99.5 103.75  103.5 100.75   93.5  89.75   87.5   91.5   89.5  90.25  96.75  97.25     97     95   92.5     91   85.5     86  81.75   84.5     88     93   98.5 102.25 100.75   97.5  93.75  94.25  90.75     85     86     84  84.75 
  86.5  73.75     70     65   65.5     70   77.5  80.25   86.5  94.25 100.25  99.75    103     97  92.25  87.25  85.75     88     90  94.25  97.75    102    101     97  93.75     90   85.5     86  83.75  87.75   92.5     98 100.25 100.25 101.25 100.75  98.25  96.25  87.25   83.5   77.5  77.25     77 
    93  85.25     75  72.75   69.5   71.5   78.5  82.75   84.5   94.5  99.25   98.5  97.25     96  89.75  84.25  79.75  82.75     88  91.25 100.75  102.5 103.25  102.5     97   91.5  87.75   86.5   88.5  92.25  93.75     96  93.25     91  96.25     99     97   94.5   88.5     80   76.5  72.75  73.25 
 100.5  95.25  87.75  78.75  77.75  80.25   84.5  85.25  89.25     93   99.5  98.75   98.5     94     89  82.25     79   80.5  86.25  92.25  98.25  101.5 107.25 107.75  100.5  93.75     90   91.5  92.25  92.25  89.25  87.25   82.5  81.25  84.25     88  91.75  93.75  87.75     84  77.75  75.75  74.25 
103.75    100  94.25  88.75  84.25     88  89.25  90.25   90.5   95.5     97     99 100.25   93.5     86     84  78.25  79.75  86.25  89.75   97.5 101.75    106 108.25  104.5     94  92.25   93.5  91.75   86.5   80.5  77.25     75   73.5   74.5  76.25     83     88   85.5     83  81.75  76.75   75.5 
103.75  101.5     98     97     95  90.25     94  92.75     92     96   96.5     97 101.25  95.75  87.25  81.75     80     79  79.75  83.75   95.5 100.25 100.75    102    100  99.25     96  92.75   87.5   79.5  75.25  76.25   75.5   71.5  69.75     73  74.75  81.25   82.5     84   83.5   80.5     76 
    96  99.75   99.5  99.25  95.75  94.25   89.5     92     93  94.25     95  99.25 101.25  100.5   95.5   90.5   82.5   81.5  81.25  85.75   93.5   99.5 100.75  99.25  100.5    101  99.75  90.25  82.75  77.25  72.25  73.25  74.25   70.5   70.5     69     73  75.25  81.75  89.75  94.25     87     81 
    90  91.75   98.5  95.25  94.75  93.25  93.75   90.5  93.75     97     99  99.25 104.75    101  101.5  97.75  88.25  80.75  86.25  88.25     93  96.25     99    102 100.25 100.25 100.25  92.25     84     79     77     77  77.75  77.25     75     73   74.5  77.75     84  97.25 102.25  97.25   89.5 
  81.5     89   88.5  90.75  87.25     88     93     94  91.75  99.25    101    103 103.75 101.75   99.5  97.75     93     87   85.5  88.25   91.5  92.75  98.75  102.5 102.25  97.75    101  97.75   96.5     87  86.25   86.5  85.75  81.75   78.5  76.25  77.75  77.25  86.75  94.25 102.75 103.25  99.75 
  80.5   82.5     84   81.5     83     84  89.75     93     94  94.75  98.75    101    104  96.25  93.75  96.25   96.5     93  91.25  89.25   94.5  98.75 101.75  106.5    106    103 101.75  101.5 102.75  99.75  94.25     95   95.5  90.25  84.75  82.75   86.5   86.5     87   92.5  102.5 105.75 104.75 
  79.5  81.75  82.25   82.5  82.75  84.25     86  93.75  94.25  98.75  97.25  99.75     99   94.5  90.75  95.75  97.75     95     93  91.25   96.5 100.75 100.25  102.5 106.25 103.25    102   96.5 103.75 104.25  104.5 101.25    100  97.25  90.75   87.5   91.5     89   86.5     90   98.5 103.25  105.5 
  84.5  82.25  83.25   83.5  83.25  83.25  86.75   86.5  92.25     97  97.25     95  95.25   91.5     93     94  95.25     94     92     94  96.75     96  97.25    101 101.25  99.75  98.25  96.25  98.75  100.5 103.25    101   98.5     97  93.75  93.25   93.5     91   91.5     93     97  101.5 106.75 
    90  88.75   86.5  87.25  83.75   84.5  85.25  91.75  92.25     96  98.25 101.25  98.25  95.75  93.75  93.75     89  86.75  89.75  93.25  94.75   92.5     97 100.25 101.25  96.75  97.25     98 100.25  97.75   99.5  98.75   97.5   95.5  96.75   95.5  95.75     92  91.25  91.75   94.5  99.75  104.5 
  96.5  96.75  97.75  91.75  88.25   85.5  91.75   95.5     94  90.75     98    103  102.5  96.25   91.5  87.75  84.25  76.75   79.5     87  91.25   94.5  92.75   96.5     98   96.5  98.75  99.25  102.5   97.5  93.75  95.25     95  97.25   93.5     96  99.25   93.5     91  90.25  91.75  96.75 101.25 
102.25 103.75    102  96.25  87.25  89.25     95   97.5   94.5  95.75 100.25 105.75 109.25 105.75     98   90.5   83.5  78.75  78.25  83.25   97.5  96.25   95.5  96.75    101   99.5   97.5     99    101   94.5   89.5  86.75  89.25   89.5     91     94   98.5   97.5  92.25   89.5  90.25  96.25  99.25 
   108 102.75   97.5  92.25     89     90  93.25  95.75     96  97.25 101.25 105.25  106.5 106.75  102.5     93  82.75  77.25  78.25   87.5  94.25  97.75  97.25     99    100  97.25  94.75   94.5  96.75   92.5     86  82.25   81.5   86.5   89.5   96.5  100.5    100  97.75     92     91     96   98.5 
 106.5    100  93.75  91.75   89.5   91.5  93.75     97    100 101.25    105 106.75 106.75 107.25  105.5  99.25     86   75.5   78.5  84.75     91   93.5  99.25   98.5     98   96.5  96.75  97.25  98.25  91.75     87     80  77.75  79.25  84.25   90.5   94.5  96.25  95.25  94.75     90  94.25     94 
    99  92.75     92  88.25  86.25     90  94.75  95.75   96.5  97.75  100.5    102    101  102.5  102.5   97.5   87.5   79.5  76.75  84.75   92.5     97  99.75  98.75   97.5   97.5  96.75   99.5  98.75     90   83.5  78.75     75  77.25  81.75   86.5     88   91.5     93     95     92     89   91.5 
  92.5     86  87.75  90.75   89.5  93.25  99.25  98.25     97   95.5  99.75  100.5 100.25 102.75  102.5  95.25   90.5     84  80.25   85.5  94.25  97.25  95.25  93.25  94.75  94.25   95.5  95.75  94.75  86.75  82.75  78.75   76.5  76.25  77.75   80.5     82  84.25   88.5  89.25   86.5  87.25   90.5 
    83  80.25   81.5  88.75     92  97.25 100.25     99     96  96.75  96.75   99.5    101  102.5    102  97.75  90.25   88.5   87.5  90.75  94.25  94.25  91.25     90   90.5  90.75  91.25  91.75  88.75   83.5   80.5  79.25  77.75  77.25   76.5     79   80.5  84.75  85.75     86   84.5   88.5  91.75 
  70.5  71.75  77.25   82.5     91  99.25  100.5     98  97.75   99.5 101.75    102    103  104.5 101.75     97     91     89     93     95     93  88.75     90  91.25  92.25  91.25   89.5   88.5     88  84.25     84  81.75   78.5     77  77.25  78.75     79  83.75  86.25   85.5     85     90   95.5 
    68     69  74.25   85.5     90  98.75    101  98.75  97.75 101.25    103    104 101.25  98.25  97.25     91   86.5  88.25  87.75  92.75   91.5   90.5  94.25   94.5  94.25     93   93.5  92.75   90.5     92   91.5   84.5   79.5  78.75   78.5  79.25  78.25  85.75  91.75  93.75  90.75  93.75  100.5 
 75.25  73.25  78.25  88.75     94  97.25 102.75 101.75 102.25 105.25 103.75 105.75 100.25  96.75  92.25  89.75     86  85.75  85.25     87  91.75  94.25  96.75   95.5   94.5  94.75  94.75     97     97   95.5   97.5     87   77.5     78     79   76.5     79  86.25  93.75  98.75     99 100.25 102.25 
    82     82     82   87.5     91  96.25   98.5 105.75    105    104 103.75    100 100.75  96.75   92.5     90     90   86.5  82.25     86   91.5  95.25  96.75  94.75   95.5  94.25   95.5  97.75  99.25  98.75  97.25   90.5  81.25     79     80  83.25     83  88.25   96.5  103.5  105.5  107.5 104.25 
 88.75   87.5   85.5   86.5  89.25     93  99.75 103.25 105.75    104     98 100.75     97  96.25  95.75  95.75     92  85.75  80.25   82.5   84.5   87.5   92.5     94  96.25  98.25    101    102 102.25 102.25  99.25  90.75  84.25   78.5  76.25  77.75  81.75  85.25     94 103.25 105.75    106 107.25 
 89.75  87.25  84.25  87.75  85.75     92  97.25 104.25 103.75    100     94  94.25   93.5     91   96.5   98.5     91  82.75   80.5   79.5   80.5   83.5  91.25  95.25    100  103.5  104.5    106    103  99.75     99  91.25  81.75     80   75.5  73.25  76.75  84.75   90.5  97.25  100.5 103.75  103.5 
    90   87.5     86     90   88.5  89.25  95.25  101.5  99.75  95.25  89.25   90.5     90  92.75  93.25  97.25   92.5     85     78   76.5  77.25  80.75  88.25  95.25  101.5 103.75  106.5    103   98.5  95.25  93.25  86.75  82.75  77.25  74.25  75.25  77.25  80.75  88.25   91.5  95.75   98.5     99 
    91  90.25   89.5  91.75   91.5  91.75  93.75     97    101  94.25   87.5  88.75  90.25  89.75  91.25  90.25  91.75   83.5  75.75  74.75  78.25   81.5   90.5  96.75 100.75    103  103.5   99.5  94.75     90     87     84     82  78.75   76.5   79.5  80.25  77.75     82  88.75  90.75   92.5  92.25 
 99.25     95   93.5  95.25  96.25   97.5  96.25   98.5  101.5     97   89.5     90  87.75   85.5  86.75  87.75  83.25     78  74.75     75     79  84.25  89.75  95.25     98 100.75  100.5  97.75  97.25     92   90.5   84.5     83     83   83.5   80.5     82  78.25  77.75     83     88   84.5   85.5 
105.75  103.5     98 100.75    101  102.5  104.5 103.75  103.5    100  96.25   92.5  87.25   82.5  80.25   81.5     77   71.5     73  77.75     85  89.25  93.25   95.5  99.75  98.75  99.25  97.75  98.25  96.25  90.75  86.75   87.5   87.5   85.5  84.25   85.5  82.25  81.25   81.5  84.25   86.5   84.5 
112.25 109.75  107.5    106 107.25 110.25 110.25  107.5 105.25 102.25   95.5   92.5     86     76  70.75  70.25  71.25  68.25  71.25  80.75  88.25  91.25   94.5     97     95  95.75  95.75     98  102.5     96     90  85.75     91   88.5  83.75  83.75  86.25  81.75     81     81     84  84.75  84.75 
116.75    116 112.75  112.5 114.75 115.75  114.5 111.75    109  100.5     92   89.5   84.5     77  67.25   66.5  66.25   70.5  76.75     87   95.5   97.5  100.5     98   95.5   93.5  98.75  103.5 105.25  100.5     94  89.75     91  90.75  87.75  84.25  84.25     82   77.5  81.25     85     84  86.25 
118.75 113.25 112.25 115.25  116.5 120.25    119    114 109.75 100.25   91.5  86.75   83.5  75.25  70.25  65.75  64.75   72.5     85   93.5  99.75  103.5 103.75 100.75   95.5  96.25  100.5    107    109  103.5  97.75   89.5     88  88.75     86     82  82.75   78.5  80.25   78.5  83.25   86.5  89.75 
109.25  105.5  104.5 106.75 112.25 115.75 119.25 114.25 109.75    105   93.5  89.25   84.5  79.25   72.5     70  67.25  76.75     88  99.75 106.75 107.25  107.5    105    101 103.25 106.75    109  110.5  105.5  98.75  92.25  89.75  84.75  81.25   80.5   80.5  77.25  77.75  76.25   83.5  91.75  96.75 
  97.5     97   96.5    100 104.25 109.25  111.5  111.5  110.5  103.5  98.25  91.25     87  80.25   77.5  75.25  74.25  78.25   88.5 101.25    108    110 108.25  106.5 106.25  107.5 109.25    110  107.5  102.5  96.75  91.75     89  84.75  81.25  78.75  81.25     78  73.75  76.25   87.5  92.25   98.5 
    90     87  90.75     95  96.75 101.75 105.75  106.5 106.75 105.25   97.5   95.5  87.75  82.75   77.5  78.75  74.25   80.5  86.25  97.75 105.25  106.5 106.75  107.5  106.5 108.25 105.25 108.25 106.25    101     97  91.75  89.75   90.5  85.75   81.5     82  76.75     74  72.75   82.5     92   96.5 
 82.25  84.25  86.25  92.25   96.5  98.25 105.25 105.75    104 102.75  97.75     94  91.75  82.75  81.75     78  76.75  80.25     86     94   98.5  98.75 102.25  105.5 105.75 103.25    104 105.25 107.25    105  98.25     92     94     95   89.5  83.75   78.5  74.25     72   67.5   76.5   86.5   95.5 
 79.75   81.5   83.5  90.25  96.25 103.25 106.75  108.5    107 102.75  98.75  98.25  92.75  89.25  83.75  82.75  76.75   78.5  83.75  90.25  90.75   91.5   96.5    102 103.75  101.5    101    105    104 102.75 100.25  97.25   97.5  96.25  93.75     87     82   75.5     72   69.5  78.25   87.5     96 
  81.5     82     86  92.75  99.25 106.75  111.5 110.25 109.75 106.25  100.5  97.75  94.25  86.75     85     80   78.5  77.25   80.5  85.25   86.5  86.25  91.25   95.5     96  96.25  96.75  96.25  96.75  94.25  98.25 100.75   98.5  96.25     93  85.75  79.25  75.25  75.75     75  83.75   89.5     96 
  85.5   85.5  87.25   97.5    105    109 113.25 114.25 110.75 106.25  98.75  94.75  86.75   83.5   80.5   79.5     77   79.5  78.75   82.5  86.75   87.5  88.25     92  92.25     92  90.25     87  84.25  88.25  90.75     94  97.75   95.5   90.5  80.25  75.75   76.5     82  84.75  90.75  90.75  93.75 
 91.25   89.5  92.25    104 112.25  114.5 116.75 119.75 116.75 107.75     97  89.75  84.25   79.5   80.5  82.25  82.75     81  82.75     85  88.25  89.75   90.5  91.25  91.25     85  80.75     79     78   79.5  83.75     88  95.75     95   88.5  79.75  77.25  80.75   87.5   94.5   99.5  95.75  95.25 
 90.25  91.75  95.25  102.5  111.5 113.75 115.75  118.5    117 106.75  90.75     84  81.75  79.25     81  85.25  83.75     83  83.25     89  92.75  92.75     95   96.5     93  84.25   77.5  75.75  75.25  72.25     75  84.25   89.5  86.75     85   80.5  80.25  82.75  90.25  96.25    102  104.5    101 
 89.25   93.5  94.75 101.75    108    112    115 114.25 109.75 102.25     89     82   81.5  81.75  87.25     89  87.75   85.5     88     92     97  95.75     96   94.5     89   82.5     77  70.75  67.75  65.75  66.25   71.5   79.5  81.75     81   80.5  81.25  85.75  90.25     95    104    105  103.5 

Executed program succesfully.
OpenCl Execution time is: 0.024 milliseconds 
